2021/11/09 14:24:32 [INFO] Terraform version: 0.14.0  
2021/11/09 14:24:32 [INFO] Go runtime version: go1.15.2
2021/11/09 14:24:32 [INFO] CLI args: []string{"C:\\Terraform\\terraform.exe", "apply"}
2021/11/09 14:24:32 [DEBUG] Attempting to open CLI config file: C:\Users\613322643\AppData\Roaming\terraform.rc
2021/11/09 14:24:32 [DEBUG] File doesn't exist, but doesn't need to. Ignoring.
2021/11/09 14:24:32 [DEBUG] ignoring non-existing provider search directory terraform.d/plugins
2021/11/09 14:24:32 [DEBUG] ignoring non-existing provider search directory C:\Users\613322643\AppData\Roaming\terraform.d\plugins
2021/11/09 14:24:32 [DEBUG] ignoring non-existing provider search directory C:\Users\613322643\AppData\Roaming\HashiCorp\Terraform\plugins
2021/11/09 14:24:32 [INFO] CLI command args: []string{"apply"}
2021/11/09 14:24:32 [TRACE] Meta.Backend: no config given or present on disk, so returning nil config
2021/11/09 14:24:32 [TRACE] Meta.Backend: backend has not previously been initialized in this working directory
2021/11/09 14:24:32 [DEBUG] New state was assigned lineage "3f64e278-e270-efae-d57b-2095b682e8d8"
2021/11/09 14:24:32 [TRACE] Meta.Backend: using default local state only (no backend configuration, and no existing initialized backend)
2021/11/09 14:24:32 [TRACE] Meta.Backend: instantiated backend of type <nil>
2021/11/09 14:24:32 [TRACE] providercache.fillMetaCache: scanning directory .terraform\providers
2021/11/09 14:24:32 [TRACE] getproviders.SearchLocalDirectory: .terraform\providers is a symlink to .terraform\providers
2021/11/09 14:24:32 [TRACE] getproviders.SearchLocalDirectory: found registry.terraform.io/hashicorp/aws v3.63.0 for windows_amd64 at .terraform\providers\registry.terraform.io\hashicorp\aws\3.63.0\windows_amd64
2021/11/09 14:24:32 [TRACE] getproviders.SearchLocalDirectory: found registry.terraform.io/vmware/vcd v3.4.0 for windows_amd64 at .terraform\providers\registry.terraform.io\vmware\vcd\3.4.0\windows_amd64
2021/11/09 14:24:32 [TRACE] providercache.fillMetaCache: including .terraform\providers\registry.terraform.io\hashicorp\aws\3.63.0\windows_amd64 as a candidate package for registry.terraform.io/hashicorp/aws 3.63.0
2021/11/09 14:24:32 [TRACE] providercache.fillMetaCache: including .terraform\providers\registry.terraform.io\vmware\vcd\3.4.0\windows_amd64 as a candidate package for registry.terraform.io/vmware/vcd 3.4.0
2021/11/09 14:24:33 [TRACE] providercache.fillMetaCache: using cached result from previous scan of .terraform\providers
2021/11/09 14:24:33 [DEBUG] checking for provisioner in "."
2021/11/09 14:24:33 [DEBUG] checking for provisioner in "C:\\Terraform"
2021/11/09 14:24:33 [INFO] Failed to read plugin lock file .terraform\plugins\windows_amd64\lock.json: open .terraform\plugins\windows_amd64\lock.json: The system cannot find the path specified.
2021/11/09 14:24:33 [TRACE] Meta.Backend: backend <nil> does not support operations, so wrapping it in a local backend
2021/11/09 14:24:33 [INFO] backend/local: starting Apply operation
2021/11/09 14:24:33 [TRACE] backend/local: requesting state manager for workspace "default"
2021/11/09 14:24:33 [TRACE] backend/local: state manager for workspace "default" will:
 - read initial snapshot from terraform.tfstate
 - write new snapshots to terraform.tfstate
 - create any backup at terraform.tfstate.backup
2021/11/09 14:24:33 [TRACE] backend/local: requesting state lock for workspace "default"
2021/11/09 14:24:33 [TRACE] statemgr.Filesystem: preparing to manage state snapshots at terraform.tfstate
2021/11/09 14:24:33 [TRACE] statemgr.Filesystem: existing snapshot has lineage "3e63e6bb-b76a-3ee1-3c12-d07424ff0dd6" serial 1
2021/11/09 14:24:33 [TRACE] statemgr.Filesystem: locking terraform.tfstate using LockFileEx
2021/11/09 14:24:33 [TRACE] statemgr.Filesystem: writing lock metadata to .terraform.tfstate.lock.info
2021/11/09 14:24:33 [TRACE] backend/local: reading remote state for workspace "default"
2021/11/09 14:24:33 [TRACE] statemgr.Filesystem: reading latest snapshot from terraform.tfstate
2021/11/09 14:24:33 [TRACE] statemgr.Filesystem: read snapshot with lineage "3e63e6bb-b76a-3ee1-3c12-d07424ff0dd6" serial 1
2021/11/09 14:24:33 [TRACE] backend/local: retrieving local state snapshot for workspace "default"
2021/11/09 14:24:33 [TRACE] backend/local: building context for current working directory
2021/11/09 14:24:33 [TRACE] terraform.NewContext: starting
2021/11/09 14:24:33 [TRACE] terraform.NewContext: loading provider schemas
2021/11/09 14:24:33 [TRACE] LoadSchemas: retrieving schema for provider type "registry.terraform.io/vmware/vcd"
2021-11-09T14:24:33.677Z [INFO]  plugin: configuring client automatic mTLS
2021-11-09T14:24:33.697Z [DEBUG] plugin: starting plugin: path=.terraform/providers/registry.terraform.io/vmware/vcd/3.4.0/windows_amd64/terraform-provider-vcd_v3.4.0.exe args=[.terraform/providers/registry.terraform.io/vmware/vcd/3.4.0/windows_amd64/terraform-provider-vcd_v3.4.0.exe]
2021-11-09T14:24:34.755Z [DEBUG] plugin: plugin started: path=.terraform/providers/registry.terraform.io/vmware/vcd/3.4.0/windows_amd64/terraform-provider-vcd_v3.4.0.exe pid=1112
2021-11-09T14:24:34.755Z [DEBUG] plugin: waiting for RPC address: path=.terraform/providers/registry.terraform.io/vmware/vcd/3.4.0/windows_amd64/terraform-provider-vcd_v3.4.0.exe
2021-11-09T14:24:34.784Z [INFO]  plugin.terraform-provider-vcd_v3.4.0.exe: configuring server automatic mTLS: timestamp=2021-11-09T14:24:34.783Z
2021-11-09T14:24:34.794Z [DEBUG] plugin.terraform-provider-vcd_v3.4.0.exe: plugin address: address=127.0.0.1:10000 network=tcp timestamp=2021-11-09T14:24:34.794Z
2021-11-09T14:24:34.794Z [DEBUG] plugin: using plugin: version=5
2021/11/09 14:24:34 [TRACE] GRPCProvider: GetSchema
2021-11-09T14:24:34.824Z [TRACE] plugin.stdio: waiting for stdio data
2021/11/09 14:24:34 [TRACE] GRPCProvider: Close
2021-11-09T14:24:34.836Z [WARN]  plugin.stdio: received EOF, stopping recv loop: err="rpc error: code = Unavailable desc = transport is closing"
2021-11-09T14:24:34.843Z [DEBUG] plugin: plugin process exited: path=.terraform/providers/registry.terraform.io/vmware/vcd/3.4.0/windows_amd64/terraform-provider-vcd_v3.4.0.exe pid=1112
2021-11-09T14:24:34.843Z [DEBUG] plugin: plugin exited
2021/11/09 14:24:34 [TRACE] terraform.NewContext: complete
2021/11/09 14:24:34 [TRACE] backend/local: finished building terraform.Context
2021/11/09 14:24:34 [TRACE] backend/local: requesting interactive input, if necessary
2021/11/09 14:24:34 [TRACE] Context.Input: Prompting for provider arguments
2021/11/09 14:24:34 [TRACE] Context.Input: Provider provider.vcd declared at main.tf:12,1-15
2021/11/09 14:24:34 [TRACE] Context.Input: Input for provider.vcd: map[string]cty.Value{}
2021/11/09 14:24:34 [TRACE] backend/local: running validation operation
2021/11/09 14:24:34 [INFO] terraform: building graph: GraphTypeValidate
2021/11/09 14:24:34 [TRACE] Executing graph transform *terraform.ConfigTransformer
2021/11/09 14:24:34 [TRACE] ConfigTransformer: Starting for path: 
2021/11/09 14:24:34 [TRACE] Completed graph transform *terraform.ConfigTransformer with new graph:
  vcd_vapp_firewall_rules.vapp-fw - *terraform.NodeValidatableResource
  ------
2021/11/09 14:24:34 [TRACE] Executing graph transform *terraform.RootVariableTransformer
2021/11/09 14:24:34 [TRACE] Completed graph transform *terraform.RootVariableTransformer with new graph:
  var.network_id - *terraform.NodeRootVariable
  var.org - *terraform.NodeRootVariable
  var.password - *terraform.NodeRootVariable
  var.url - *terraform.NodeRootVariable
  var.user - *terraform.NodeRootVariable
  var.vapp_id - *terraform.NodeRootVariable
  var.vdc - *terraform.NodeRootVariable
  vcd_vapp_firewall_rules.vapp-fw - *terraform.NodeValidatableResource
  ------
2021/11/09 14:24:34 [TRACE] Executing graph transform *terraform.ModuleVariableTransformer
2021/11/09 14:24:34 [TRACE] Completed graph transform *terraform.ModuleVariableTransformer (no changes)
2021/11/09 14:24:34 [TRACE] Executing graph transform *terraform.LocalTransformer
2021/11/09 14:24:34 [TRACE] Completed graph transform *terraform.LocalTransformer (no changes)
2021/11/09 14:24:34 [TRACE] Executing graph transform *terraform.OutputTransformer
2021/11/09 14:24:34 [TRACE] Completed graph transform *terraform.OutputTransformer (no changes)
2021/11/09 14:24:34 [TRACE] Executing graph transform *terraform.OrphanResourceInstanceTransformer
2021/11/09 14:24:34 [TRACE] Completed graph transform *terraform.OrphanResourceInstanceTransformer (no changes)
2021/11/09 14:24:34 [TRACE] Executing graph transform *terraform.StateTransformer
2021/11/09 14:24:34 [TRACE] StateTransformer: state is empty, so nothing to do
2021/11/09 14:24:34 [TRACE] Completed graph transform *terraform.StateTransformer (no changes)
2021/11/09 14:24:34 [TRACE] Executing graph transform *terraform.AttachStateTransformer
2021/11/09 14:24:34 [TRACE] Completed graph transform *terraform.AttachStateTransformer (no changes)
2021/11/09 14:24:34 [TRACE] Executing graph transform *terraform.OrphanOutputTransformer
2021/11/09 14:24:34 [TRACE] Completed graph transform *terraform.OrphanOutputTransformer (no changes)
2021/11/09 14:24:34 [TRACE] Executing graph transform *terraform.AttachResourceConfigTransformer
2021/11/09 14:24:34 [TRACE] AttachResourceConfigTransformer: attaching to "vcd_vapp_firewall_rules.vapp-fw" (*terraform.NodeValidatableResource) config from main.tf:26,1-45
2021/11/09 14:24:34 [TRACE] AttachResourceConfigTransformer: attaching provider meta configs to vcd_vapp_firewall_rules.vapp-fw
2021/11/09 14:24:34 [TRACE] Completed graph transform *terraform.AttachResourceConfigTransformer (no changes)
2021/11/09 14:24:34 [TRACE] Executing graph transform *terraform.MissingProvisionerTransformer
2021/11/09 14:24:34 [TRACE] Completed graph transform *terraform.MissingProvisionerTransformer (no changes)
2021/11/09 14:24:34 [TRACE] Executing graph transform *terraform.ProvisionerTransformer
2021/11/09 14:24:34 [TRACE] Completed graph transform *terraform.ProvisionerTransformer (no changes)
2021/11/09 14:24:34 [TRACE] Executing graph transform *terraform.graphTransformerMulti
2021/11/09 14:24:34 [TRACE] (graphTransformerMulti) Executing graph transform *terraform.ProviderConfigTransformer
2021/11/09 14:24:34 [TRACE] ProviderConfigTransformer: attaching to "provider[\"registry.terraform.io/vmware/vcd\"]" provider configuration from main.tf:12,1-15
2021/11/09 14:24:34 [TRACE] (graphTransformerMulti) Completed graph transform *terraform.ProviderConfigTransformer with new graph:
  provider["registry.terraform.io/vmware/vcd"] - *terraform.NodeApplyableProvider
  var.network_id - *terraform.NodeRootVariable
  var.org - *terraform.NodeRootVariable
  var.password - *terraform.NodeRootVariable
  var.url - *terraform.NodeRootVariable
  var.user - *terraform.NodeRootVariable
  var.vapp_id - *terraform.NodeRootVariable
  var.vdc - *terraform.NodeRootVariable
  vcd_vapp_firewall_rules.vapp-fw - *terraform.NodeValidatableResource
  ------
2021/11/09 14:24:34 [TRACE] (graphTransformerMulti) Executing graph transform *terraform.MissingProviderTransformer
2021/11/09 14:24:34 [TRACE] (graphTransformerMulti) Completed graph transform *terraform.MissingProviderTransformer (no changes)
2021/11/09 14:24:34 [TRACE] (graphTransformerMulti) Executing graph transform *terraform.ProviderTransformer
2021/11/09 14:24:34 [TRACE] ProviderTransformer: exact match for provider["registry.terraform.io/vmware/vcd"] serving vcd_vapp_firewall_rules.vapp-fw
2021/11/09 14:24:34 [DEBUG] ProviderTransformer: "vcd_vapp_firewall_rules.vapp-fw" (*terraform.NodeValidatableResource) needs provider["registry.terraform.io/vmware/vcd"]
2021/11/09 14:24:34 [TRACE] (graphTransformerMulti) Completed graph transform *terraform.ProviderTransformer with new graph:
  provider["registry.terraform.io/vmware/vcd"] - *terraform.NodeApplyableProvider
  var.network_id - *terraform.NodeRootVariable
  var.org - *terraform.NodeRootVariable
  var.password - *terraform.NodeRootVariable
  var.url - *terraform.NodeRootVariable
  var.user - *terraform.NodeRootVariable
  var.vapp_id - *terraform.NodeRootVariable
  var.vdc - *terraform.NodeRootVariable
  vcd_vapp_firewall_rules.vapp-fw - *terraform.NodeValidatableResource
    provider["registry.terraform.io/vmware/vcd"] - *terraform.NodeApplyableProvider
  ------
2021/11/09 14:24:34 [TRACE] (graphTransformerMulti) Executing graph transform *terraform.PruneProviderTransformer
2021/11/09 14:24:34 [TRACE] (graphTransformerMulti) Completed graph transform *terraform.PruneProviderTransformer (no changes)
2021/11/09 14:24:34 [TRACE] (graphTransformerMulti) Executing graph transform *terraform.ParentProviderTransformer
2021/11/09 14:24:34 [TRACE] (graphTransformerMulti) Completed graph transform *terraform.ParentProviderTransformer (no changes)
2021/11/09 14:24:34 [TRACE] Completed graph transform *terraform.graphTransformerMulti with new graph:
  provider["registry.terraform.io/vmware/vcd"] - *terraform.NodeApplyableProvider
  var.network_id - *terraform.NodeRootVariable
  var.org - *terraform.NodeRootVariable
  var.password - *terraform.NodeRootVariable
  var.url - *terraform.NodeRootVariable
  var.user - *terraform.NodeRootVariable
  var.vapp_id - *terraform.NodeRootVariable
  var.vdc - *terraform.NodeRootVariable
  vcd_vapp_firewall_rules.vapp-fw - *terraform.NodeValidatableResource
    provider["registry.terraform.io/vmware/vcd"] - *terraform.NodeApplyableProvider
  ------
2021/11/09 14:24:34 [TRACE] Executing graph transform *terraform.RemovedModuleTransformer
2021/11/09 14:24:34 [TRACE] Completed graph transform *terraform.RemovedModuleTransformer (no changes)
2021/11/09 14:24:34 [TRACE] Executing graph transform *terraform.AttachSchemaTransformer
2021/11/09 14:24:34 [TRACE] AttachSchemaTransformer: attaching provider config schema to provider["registry.terraform.io/vmware/vcd"]
2021/11/09 14:24:34 [TRACE] AttachSchemaTransformer: attaching resource schema to vcd_vapp_firewall_rules.vapp-fw
2021/11/09 14:24:34 [TRACE] Completed graph transform *terraform.AttachSchemaTransformer (no changes)
2021/11/09 14:24:34 [TRACE] Executing graph transform *terraform.ModuleExpansionTransformer
2021/11/09 14:24:34 [TRACE] Completed graph transform *terraform.ModuleExpansionTransformer (no changes)
2021/11/09 14:24:34 [TRACE] Executing graph transform *terraform.ReferenceTransformer
2021/11/09 14:24:34 [DEBUG] ReferenceTransformer: "vcd_vapp_firewall_rules.vapp-fw" references: [var.network_id var.vapp_id]
2021/11/09 14:24:34 [DEBUG] ReferenceTransformer: "var.password" references: []
2021/11/09 14:24:34 [DEBUG] ReferenceTransformer: "var.org" references: []
2021/11/09 14:24:34 [DEBUG] ReferenceTransformer: "var.vdc" references: []
2021/11/09 14:24:34 [DEBUG] ReferenceTransformer: "var.url" references: []
2021/11/09 14:24:34 [DEBUG] ReferenceTransformer: "var.vapp_id" references: []
2021/11/09 14:24:34 [DEBUG] ReferenceTransformer: "var.network_id" references: []
2021/11/09 14:24:34 [DEBUG] ReferenceTransformer: "var.user" references: []
2021/11/09 14:24:34 [DEBUG] ReferenceTransformer: "provider[\"registry.terraform.io/vmware/vcd\"]" references: [var.org var.vdc var.url var.user var.password]
2021/11/09 14:24:34 [TRACE] Completed graph transform *terraform.ReferenceTransformer with new graph:
  provider["registry.terraform.io/vmware/vcd"] - *terraform.NodeApplyableProvider
    var.org - *terraform.NodeRootVariable
    var.password - *terraform.NodeRootVariable
    var.url - *terraform.NodeRootVariable
    var.user - *terraform.NodeRootVariable
    var.vdc - *terraform.NodeRootVariable
  var.network_id - *terraform.NodeRootVariable
  var.org - *terraform.NodeRootVariable
  var.password - *terraform.NodeRootVariable
  var.url - *terraform.NodeRootVariable
  var.user - *terraform.NodeRootVariable
  var.vapp_id - *terraform.NodeRootVariable
  var.vdc - *terraform.NodeRootVariable
  vcd_vapp_firewall_rules.vapp-fw - *terraform.NodeValidatableResource
    provider["registry.terraform.io/vmware/vcd"] - *terraform.NodeApplyableProvider
    var.network_id - *terraform.NodeRootVariable
    var.vapp_id - *terraform.NodeRootVariable
  ------
2021/11/09 14:24:34 [TRACE] Executing graph transform *terraform.AttachDependenciesTransformer
2021/11/09 14:24:34 [TRACE] Completed graph transform *terraform.AttachDependenciesTransformer (no changes)
2021/11/09 14:24:34 [TRACE] Executing graph transform *terraform.attachDataResourceDependenciesTransformer
2021/11/09 14:24:34 [TRACE] Completed graph transform *terraform.attachDataResourceDependenciesTransformer (no changes)
2021/11/09 14:24:34 [TRACE] Executing graph transform *terraform.TargetsTransformer
2021/11/09 14:24:34 [TRACE] Completed graph transform *terraform.TargetsTransformer (no changes)
2021/11/09 14:24:34 [TRACE] Executing graph transform *terraform.ForcedCBDTransformer
2021/11/09 14:24:34 [TRACE] Completed graph transform *terraform.ForcedCBDTransformer (no changes)
2021/11/09 14:24:34 [TRACE] Executing graph transform *terraform.CountBoundaryTransformer
2021/11/09 14:24:34 [TRACE] Completed graph transform *terraform.CountBoundaryTransformer with new graph:
  meta.count-boundary (EachMode fixup) - *terraform.NodeCountBoundary
    provider["registry.terraform.io/vmware/vcd"] - *terraform.NodeApplyableProvider
    var.network_id - *terraform.NodeRootVariable
    var.org - *terraform.NodeRootVariable
    var.password - *terraform.NodeRootVariable
    var.url - *terraform.NodeRootVariable
    var.user - *terraform.NodeRootVariable
    var.vapp_id - *terraform.NodeRootVariable
    var.vdc - *terraform.NodeRootVariable
    vcd_vapp_firewall_rules.vapp-fw - *terraform.NodeValidatableResource
  provider["registry.terraform.io/vmware/vcd"] - *terraform.NodeApplyableProvider
    var.org - *terraform.NodeRootVariable
    var.password - *terraform.NodeRootVariable
    var.url - *terraform.NodeRootVariable
    var.user - *terraform.NodeRootVariable
    var.vdc - *terraform.NodeRootVariable
  var.network_id - *terraform.NodeRootVariable
  var.org - *terraform.NodeRootVariable
  var.password - *terraform.NodeRootVariable
  var.url - *terraform.NodeRootVariable
  var.user - *terraform.NodeRootVariable
  var.vapp_id - *terraform.NodeRootVariable
  var.vdc - *terraform.NodeRootVariable
  vcd_vapp_firewall_rules.vapp-fw - *terraform.NodeValidatableResource
    provider["registry.terraform.io/vmware/vcd"] - *terraform.NodeApplyableProvider
    var.network_id - *terraform.NodeRootVariable
    var.vapp_id - *terraform.NodeRootVariable
  ------
2021/11/09 14:24:34 [TRACE] Executing graph transform *terraform.CloseProviderTransformer
2021/11/09 14:24:34 [TRACE] Completed graph transform *terraform.CloseProviderTransformer with new graph:
  meta.count-boundary (EachMode fixup) - *terraform.NodeCountBoundary
    provider["registry.terraform.io/vmware/vcd"] - *terraform.NodeApplyableProvider
    var.network_id - *terraform.NodeRootVariable
    var.org - *terraform.NodeRootVariable
    var.password - *terraform.NodeRootVariable
    var.url - *terraform.NodeRootVariable
    var.user - *terraform.NodeRootVariable
    var.vapp_id - *terraform.NodeRootVariable
    var.vdc - *terraform.NodeRootVariable
    vcd_vapp_firewall_rules.vapp-fw - *terraform.NodeValidatableResource
  provider["registry.terraform.io/vmware/vcd"] - *terraform.NodeApplyableProvider
    var.org - *terraform.NodeRootVariable
    var.password - *terraform.NodeRootVariable
    var.url - *terraform.NodeRootVariable
    var.user - *terraform.NodeRootVariable
    var.vdc - *terraform.NodeRootVariable
  provider["registry.terraform.io/vmware/vcd"] (close) - *terraform.graphNodeCloseProvider
    provider["registry.terraform.io/vmware/vcd"] - *terraform.NodeApplyableProvider
    vcd_vapp_firewall_rules.vapp-fw - *terraform.NodeValidatableResource
  var.network_id - *terraform.NodeRootVariable
  var.org - *terraform.NodeRootVariable
  var.password - *terraform.NodeRootVariable
  var.url - *terraform.NodeRootVariable
  var.user - *terraform.NodeRootVariable
  var.vapp_id - *terraform.NodeRootVariable
  var.vdc - *terraform.NodeRootVariable
  vcd_vapp_firewall_rules.vapp-fw - *terraform.NodeValidatableResource
    provider["registry.terraform.io/vmware/vcd"] - *terraform.NodeApplyableProvider
    var.network_id - *terraform.NodeRootVariable
    var.vapp_id - *terraform.NodeRootVariable
  ------
2021/11/09 14:24:34 [TRACE] Executing graph transform *terraform.CloseRootModuleTransformer
2021/11/09 14:24:34 [TRACE] Completed graph transform *terraform.CloseRootModuleTransformer with new graph:
  meta.count-boundary (EachMode fixup) - *terraform.NodeCountBoundary
    provider["registry.terraform.io/vmware/vcd"] - *terraform.NodeApplyableProvider
    var.network_id - *terraform.NodeRootVariable
    var.org - *terraform.NodeRootVariable
    var.password - *terraform.NodeRootVariable
    var.url - *terraform.NodeRootVariable
    var.user - *terraform.NodeRootVariable
    var.vapp_id - *terraform.NodeRootVariable
    var.vdc - *terraform.NodeRootVariable
    vcd_vapp_firewall_rules.vapp-fw - *terraform.NodeValidatableResource
  provider["registry.terraform.io/vmware/vcd"] - *terraform.NodeApplyableProvider
    var.org - *terraform.NodeRootVariable
    var.password - *terraform.NodeRootVariable
    var.url - *terraform.NodeRootVariable
    var.user - *terraform.NodeRootVariable
    var.vdc - *terraform.NodeRootVariable
  provider["registry.terraform.io/vmware/vcd"] (close) - *terraform.graphNodeCloseProvider
    provider["registry.terraform.io/vmware/vcd"] - *terraform.NodeApplyableProvider
    vcd_vapp_firewall_rules.vapp-fw - *terraform.NodeValidatableResource
  root - *terraform.nodeCloseModule
    meta.count-boundary (EachMode fixup) - *terraform.NodeCountBoundary
    provider["registry.terraform.io/vmware/vcd"] (close) - *terraform.graphNodeCloseProvider
  var.network_id - *terraform.NodeRootVariable
  var.org - *terraform.NodeRootVariable
  var.password - *terraform.NodeRootVariable
  var.url - *terraform.NodeRootVariable
  var.user - *terraform.NodeRootVariable
  var.vapp_id - *terraform.NodeRootVariable
  var.vdc - *terraform.NodeRootVariable
  vcd_vapp_firewall_rules.vapp-fw - *terraform.NodeValidatableResource
    provider["registry.terraform.io/vmware/vcd"] - *terraform.NodeApplyableProvider
    var.network_id - *terraform.NodeRootVariable
    var.vapp_id - *terraform.NodeRootVariable
  ------
2021/11/09 14:24:34 [TRACE] Executing graph transform *terraform.TransitiveReductionTransformer
2021/11/09 14:24:34 [TRACE] Completed graph transform *terraform.TransitiveReductionTransformer with new graph:
  meta.count-boundary (EachMode fixup) - *terraform.NodeCountBoundary
    vcd_vapp_firewall_rules.vapp-fw - *terraform.NodeValidatableResource
  provider["registry.terraform.io/vmware/vcd"] - *terraform.NodeApplyableProvider
    var.org - *terraform.NodeRootVariable
    var.password - *terraform.NodeRootVariable
    var.url - *terraform.NodeRootVariable
    var.user - *terraform.NodeRootVariable
    var.vdc - *terraform.NodeRootVariable
  provider["registry.terraform.io/vmware/vcd"] (close) - *terraform.graphNodeCloseProvider
    vcd_vapp_firewall_rules.vapp-fw - *terraform.NodeValidatableResource
  root - *terraform.nodeCloseModule
    meta.count-boundary (EachMode fixup) - *terraform.NodeCountBoundary
    provider["registry.terraform.io/vmware/vcd"] (close) - *terraform.graphNodeCloseProvider
  var.network_id - *terraform.NodeRootVariable
  var.org - *terraform.NodeRootVariable
  var.password - *terraform.NodeRootVariable
  var.url - *terraform.NodeRootVariable
  var.user - *terraform.NodeRootVariable
  var.vapp_id - *terraform.NodeRootVariable
  var.vdc - *terraform.NodeRootVariable
  vcd_vapp_firewall_rules.vapp-fw - *terraform.NodeValidatableResource
    provider["registry.terraform.io/vmware/vcd"] - *terraform.NodeApplyableProvider
    var.network_id - *terraform.NodeRootVariable
    var.vapp_id - *terraform.NodeRootVariable
  ------
2021/11/09 14:24:34 [DEBUG] Starting graph walk: walkValidate
2021/11/09 14:24:34 [TRACE] dag/walk: visiting "var.password"
2021/11/09 14:24:34 [TRACE] dag/walk: visiting "var.vdc"
2021/11/09 14:24:34 [TRACE] dag/walk: visiting "var.org"
2021/11/09 14:24:34 [TRACE] vertex "var.vdc": starting visit (*terraform.NodeRootVariable)
2021/11/09 14:24:34 [TRACE] dag/walk: visiting "var.network_id"
2021/11/09 14:24:34 [TRACE] dag/walk: visiting "var.user"
2021/11/09 14:24:34 [TRACE] vertex "var.network_id": starting visit (*terraform.NodeRootVariable)
2021/11/09 14:24:34 [TRACE] vertex "var.user": starting visit (*terraform.NodeRootVariable)
2021/11/09 14:24:34 [TRACE] vertex "var.vdc": visit complete
2021/11/09 14:24:34 [TRACE] vertex "var.network_id": visit complete
2021/11/09 14:24:34 [TRACE] vertex "var.org": starting visit (*terraform.NodeRootVariable)
2021/11/09 14:24:34 [TRACE] dag/walk: visiting "var.url"
2021/11/09 14:24:34 [TRACE] vertex "var.org": visit complete
2021/11/09 14:24:34 [TRACE] vertex "var.user": visit complete
2021/11/09 14:24:34 [TRACE] vertex "var.password": starting visit (*terraform.NodeRootVariable)
2021/11/09 14:24:34 [TRACE] vertex "var.url": starting visit (*terraform.NodeRootVariable)
2021/11/09 14:24:34 [TRACE] vertex "var.url": visit complete
2021/11/09 14:24:34 [TRACE] vertex "var.password": visit complete
2021/11/09 14:24:34 [TRACE] dag/walk: visiting "var.vapp_id"
2021/11/09 14:24:34 [TRACE] vertex "var.vapp_id": starting visit (*terraform.NodeRootVariable)
2021/11/09 14:24:34 [TRACE] vertex "var.vapp_id": visit complete
2021/11/09 14:24:34 [TRACE] dag/walk: visiting "provider[\"registry.terraform.io/vmware/vcd\"]"
2021/11/09 14:24:34 [TRACE] vertex "provider[\"registry.terraform.io/vmware/vcd\"]": starting visit (*terraform.NodeApplyableProvider)
2021-11-09T14:24:34.845Z [INFO]  plugin: configuring client automatic mTLS
2021-11-09T14:24:34.864Z [DEBUG] plugin: starting plugin: path=.terraform/providers/registry.terraform.io/vmware/vcd/3.4.0/windows_amd64/terraform-provider-vcd_v3.4.0.exe args=[.terraform/providers/registry.terraform.io/vmware/vcd/3.4.0/windows_amd64/terraform-provider-vcd_v3.4.0.exe]
2021-11-09T14:24:34.870Z [DEBUG] plugin: plugin started: path=.terraform/providers/registry.terraform.io/vmware/vcd/3.4.0/windows_amd64/terraform-provider-vcd_v3.4.0.exe pid=20712
2021-11-09T14:24:34.870Z [DEBUG] plugin: waiting for RPC address: path=.terraform/providers/registry.terraform.io/vmware/vcd/3.4.0/windows_amd64/terraform-provider-vcd_v3.4.0.exe
2021-11-09T14:24:34.894Z [INFO]  plugin.terraform-provider-vcd_v3.4.0.exe: configuring server automatic mTLS: timestamp=2021-11-09T14:24:34.893Z
2021-11-09T14:24:34.903Z [DEBUG] plugin: using plugin: version=5
2021-11-09T14:24:34.903Z [DEBUG] plugin.terraform-provider-vcd_v3.4.0.exe: plugin address: address=127.0.0.1:10000 network=tcp timestamp=2021-11-09T14:24:34.903Z
2021-11-09T14:24:34.930Z [TRACE] plugin.stdio: waiting for stdio data
2021/11/09 14:24:34 [TRACE] BuiltinEvalContext: Initialized "provider[\"registry.terraform.io/vmware/vcd\"]" provider for provider["registry.terraform.io/vmware/vcd"]
2021/11/09 14:24:34 [TRACE] buildProviderConfig for provider["registry.terraform.io/vmware/vcd"]: using explicit config only
2021/11/09 14:24:34 [TRACE] GRPCProvider: GetSchema
2021/11/09 14:24:34 [TRACE] GRPCProvider: PrepareProviderConfig
2021/11/09 14:24:34 [TRACE] vertex "provider[\"registry.terraform.io/vmware/vcd\"]": visit complete
2021/11/09 14:24:34 [TRACE] dag/walk: visiting "vcd_vapp_firewall_rules.vapp-fw"
2021/11/09 14:24:34 [TRACE] vertex "vcd_vapp_firewall_rules.vapp-fw": starting visit (*terraform.NodeValidatableResource)
2021/11/09 14:24:34 [TRACE] GRPCProvider: ValidateResourceTypeConfig
2021/11/09 14:24:34 [TRACE] vertex "vcd_vapp_firewall_rules.vapp-fw": visit complete
2021/11/09 14:24:34 [TRACE] dag/walk: visiting "provider[\"registry.terraform.io/vmware/vcd\"] (close)"
2021/11/09 14:24:34 [TRACE] dag/walk: visiting "meta.count-boundary (EachMode fixup)"
2021/11/09 14:24:34 [TRACE] vertex "meta.count-boundary (EachMode fixup)": starting visit (*terraform.NodeCountBoundary)
2021/11/09 14:24:34 [TRACE] vertex "provider[\"registry.terraform.io/vmware/vcd\"] (close)": starting visit (*terraform.graphNodeCloseProvider)
2021/11/09 14:24:34 [TRACE] vertex "meta.count-boundary (EachMode fixup)": visit complete
2021/11/09 14:24:34 [TRACE] GRPCProvider: Close
2021-11-09T14:24:34.958Z [WARN]  plugin.stdio: received EOF, stopping recv loop: err="rpc error: code = Unavailable desc = transport is closing"
2021-11-09T14:24:34.965Z [DEBUG] plugin: plugin process exited: path=.terraform/providers/registry.terraform.io/vmware/vcd/3.4.0/windows_amd64/terraform-provider-vcd_v3.4.0.exe pid=20712
2021-11-09T14:24:34.965Z [DEBUG] plugin: plugin exited
2021/11/09 14:24:34 [TRACE] vertex "provider[\"registry.terraform.io/vmware/vcd\"] (close)": visit complete
2021/11/09 14:24:34 [TRACE] dag/walk: visiting "root"
2021/11/09 14:24:34 [TRACE] vertex "root": starting visit (*terraform.nodeCloseModule)
2021/11/09 14:24:34 [TRACE] vertex "root": visit complete
2021/11/09 14:24:34 [INFO] backend/local: apply calling Plan
2021/11/09 14:24:34 [INFO] terraform: building graph: GraphTypePlan
2021/11/09 14:24:34 [TRACE] Executing graph transform *terraform.ConfigTransformer
2021/11/09 14:24:34 [TRACE] ConfigTransformer: Starting for path: 
2021/11/09 14:24:34 [TRACE] Completed graph transform *terraform.ConfigTransformer with new graph:
  vcd_vapp_firewall_rules.vapp-fw (expand) - *terraform.nodeExpandPlannableResource
  ------
2021/11/09 14:24:34 [TRACE] Executing graph transform *terraform.RootVariableTransformer
2021/11/09 14:24:34 [TRACE] Completed graph transform *terraform.RootVariableTransformer with new graph:
  var.network_id - *terraform.NodeRootVariable
  var.org - *terraform.NodeRootVariable
  var.password - *terraform.NodeRootVariable
  var.url - *terraform.NodeRootVariable
  var.user - *terraform.NodeRootVariable
  var.vapp_id - *terraform.NodeRootVariable
  var.vdc - *terraform.NodeRootVariable
  vcd_vapp_firewall_rules.vapp-fw (expand) - *terraform.nodeExpandPlannableResource
  ------
2021/11/09 14:24:34 [TRACE] Executing graph transform *terraform.ModuleVariableTransformer
2021/11/09 14:24:34 [TRACE] Completed graph transform *terraform.ModuleVariableTransformer (no changes)
2021/11/09 14:24:34 [TRACE] Executing graph transform *terraform.LocalTransformer
2021/11/09 14:24:34 [TRACE] Completed graph transform *terraform.LocalTransformer (no changes)
2021/11/09 14:24:34 [TRACE] Executing graph transform *terraform.OutputTransformer
2021/11/09 14:24:34 [TRACE] Completed graph transform *terraform.OutputTransformer (no changes)
2021/11/09 14:24:34 [TRACE] Executing graph transform *terraform.OrphanResourceInstanceTransformer
2021/11/09 14:24:34 [TRACE] Completed graph transform *terraform.OrphanResourceInstanceTransformer (no changes)
2021/11/09 14:24:34 [TRACE] Executing graph transform *terraform.StateTransformer
2021/11/09 14:24:34 [TRACE] StateTransformer: state is empty, so nothing to do
2021/11/09 14:24:34 [TRACE] Completed graph transform *terraform.StateTransformer (no changes)
2021/11/09 14:24:34 [TRACE] Executing graph transform *terraform.AttachStateTransformer
2021/11/09 14:24:34 [TRACE] Completed graph transform *terraform.AttachStateTransformer (no changes)
2021/11/09 14:24:34 [TRACE] Executing graph transform *terraform.OrphanOutputTransformer
2021/11/09 14:24:34 [TRACE] Completed graph transform *terraform.OrphanOutputTransformer (no changes)
2021/11/09 14:24:34 [TRACE] Executing graph transform *terraform.AttachResourceConfigTransformer
2021/11/09 14:24:34 [TRACE] AttachResourceConfigTransformer: attaching to "vcd_vapp_firewall_rules.vapp-fw (expand)" (*terraform.nodeExpandPlannableResource) config from main.tf:26,1-45
2021/11/09 14:24:34 [TRACE] AttachResourceConfigTransformer: attaching provider meta configs to vcd_vapp_firewall_rules.vapp-fw (expand)
2021/11/09 14:24:34 [TRACE] Completed graph transform *terraform.AttachResourceConfigTransformer (no changes)
2021/11/09 14:24:34 [TRACE] Executing graph transform *terraform.MissingProvisionerTransformer
2021/11/09 14:24:34 [TRACE] Completed graph transform *terraform.MissingProvisionerTransformer (no changes)
2021/11/09 14:24:34 [TRACE] Executing graph transform *terraform.ProvisionerTransformer
2021/11/09 14:24:34 [TRACE] Completed graph transform *terraform.ProvisionerTransformer (no changes)
2021/11/09 14:24:34 [TRACE] Executing graph transform *terraform.graphTransformerMulti
2021/11/09 14:24:34 [TRACE] (graphTransformerMulti) Executing graph transform *terraform.ProviderConfigTransformer
2021/11/09 14:24:34 [TRACE] ProviderConfigTransformer: attaching to "provider[\"registry.terraform.io/vmware/vcd\"]" provider configuration from main.tf:12,1-15
2021/11/09 14:24:34 [TRACE] (graphTransformerMulti) Completed graph transform *terraform.ProviderConfigTransformer with new graph:
  provider["registry.terraform.io/vmware/vcd"] - *terraform.NodeApplyableProvider
  var.network_id - *terraform.NodeRootVariable
  var.org - *terraform.NodeRootVariable
  var.password - *terraform.NodeRootVariable
  var.url - *terraform.NodeRootVariable
  var.user - *terraform.NodeRootVariable
  var.vapp_id - *terraform.NodeRootVariable
  var.vdc - *terraform.NodeRootVariable
  vcd_vapp_firewall_rules.vapp-fw (expand) - *terraform.nodeExpandPlannableResource
  ------
2021/11/09 14:24:34 [TRACE] (graphTransformerMulti) Executing graph transform *terraform.MissingProviderTransformer
2021/11/09 14:24:34 [TRACE] (graphTransformerMulti) Completed graph transform *terraform.MissingProviderTransformer (no changes)
2021/11/09 14:24:34 [TRACE] (graphTransformerMulti) Executing graph transform *terraform.ProviderTransformer
2021/11/09 14:24:34 [TRACE] ProviderTransformer: exact match for provider["registry.terraform.io/vmware/vcd"] serving vcd_vapp_firewall_rules.vapp-fw (expand)
2021/11/09 14:24:34 [DEBUG] ProviderTransformer: "vcd_vapp_firewall_rules.vapp-fw (expand)" (*terraform.nodeExpandPlannableResource) needs provider["registry.terraform.io/vmware/vcd"]
2021/11/09 14:24:34 [TRACE] (graphTransformerMulti) Completed graph transform *terraform.ProviderTransformer with new graph:
  provider["registry.terraform.io/vmware/vcd"] - *terraform.NodeApplyableProvider
  var.network_id - *terraform.NodeRootVariable
  var.org - *terraform.NodeRootVariable
  var.password - *terraform.NodeRootVariable
  var.url - *terraform.NodeRootVariable
  var.user - *terraform.NodeRootVariable
  var.vapp_id - *terraform.NodeRootVariable
  var.vdc - *terraform.NodeRootVariable
  vcd_vapp_firewall_rules.vapp-fw (expand) - *terraform.nodeExpandPlannableResource
    provider["registry.terraform.io/vmware/vcd"] - *terraform.NodeApplyableProvider
  ------
2021/11/09 14:24:34 [TRACE] (graphTransformerMulti) Executing graph transform *terraform.PruneProviderTransformer
2021/11/09 14:24:34 [TRACE] (graphTransformerMulti) Completed graph transform *terraform.PruneProviderTransformer (no changes)
2021/11/09 14:24:34 [TRACE] (graphTransformerMulti) Executing graph transform *terraform.ParentProviderTransformer
2021/11/09 14:24:34 [TRACE] (graphTransformerMulti) Completed graph transform *terraform.ParentProviderTransformer (no changes)
2021/11/09 14:24:34 [TRACE] Completed graph transform *terraform.graphTransformerMulti with new graph:
  provider["registry.terraform.io/vmware/vcd"] - *terraform.NodeApplyableProvider
  var.network_id - *terraform.NodeRootVariable
  var.org - *terraform.NodeRootVariable
  var.password - *terraform.NodeRootVariable
  var.url - *terraform.NodeRootVariable
  var.user - *terraform.NodeRootVariable
  var.vapp_id - *terraform.NodeRootVariable
  var.vdc - *terraform.NodeRootVariable
  vcd_vapp_firewall_rules.vapp-fw (expand) - *terraform.nodeExpandPlannableResource
    provider["registry.terraform.io/vmware/vcd"] - *terraform.NodeApplyableProvider
  ------
2021/11/09 14:24:34 [TRACE] Executing graph transform *terraform.RemovedModuleTransformer
2021/11/09 14:24:34 [TRACE] Completed graph transform *terraform.RemovedModuleTransformer (no changes)
2021/11/09 14:24:34 [TRACE] Executing graph transform *terraform.AttachSchemaTransformer
2021/11/09 14:24:34 [TRACE] AttachSchemaTransformer: attaching resource schema to vcd_vapp_firewall_rules.vapp-fw (expand)
2021/11/09 14:24:34 [TRACE] AttachSchemaTransformer: attaching provider config schema to provider["registry.terraform.io/vmware/vcd"]
2021/11/09 14:24:34 [TRACE] Completed graph transform *terraform.AttachSchemaTransformer (no changes)
2021/11/09 14:24:34 [TRACE] Executing graph transform *terraform.ModuleExpansionTransformer
2021/11/09 14:24:34 [TRACE] Completed graph transform *terraform.ModuleExpansionTransformer (no changes)
2021/11/09 14:24:34 [TRACE] Executing graph transform *terraform.ReferenceTransformer
2021/11/09 14:24:34 [DEBUG] ReferenceTransformer: "vcd_vapp_firewall_rules.vapp-fw (expand)" references: [var.network_id var.vapp_id]
2021/11/09 14:24:34 [DEBUG] ReferenceTransformer: "var.user" references: []
2021/11/09 14:24:34 [DEBUG] ReferenceTransformer: "var.password" references: []
2021/11/09 14:24:34 [DEBUG] ReferenceTransformer: "var.org" references: []
2021/11/09 14:24:34 [DEBUG] ReferenceTransformer: "var.vapp_id" references: []
2021/11/09 14:24:34 [DEBUG] ReferenceTransformer: "provider[\"registry.terraform.io/vmware/vcd\"]" references: [var.url var.org var.user var.vdc var.password]
2021/11/09 14:24:34 [DEBUG] ReferenceTransformer: "var.vdc" references: []
2021/11/09 14:24:34 [DEBUG] ReferenceTransformer: "var.url" references: []
2021/11/09 14:24:34 [DEBUG] ReferenceTransformer: "var.network_id" references: []
2021/11/09 14:24:34 [TRACE] Completed graph transform *terraform.ReferenceTransformer with new graph:
  provider["registry.terraform.io/vmware/vcd"] - *terraform.NodeApplyableProvider
    var.org - *terraform.NodeRootVariable
    var.password - *terraform.NodeRootVariable
    var.url - *terraform.NodeRootVariable
    var.user - *terraform.NodeRootVariable
    var.vdc - *terraform.NodeRootVariable
  var.network_id - *terraform.NodeRootVariable
  var.org - *terraform.NodeRootVariable
  var.password - *terraform.NodeRootVariable
  var.url - *terraform.NodeRootVariable
  var.user - *terraform.NodeRootVariable
  var.vapp_id - *terraform.NodeRootVariable
  var.vdc - *terraform.NodeRootVariable
  vcd_vapp_firewall_rules.vapp-fw (expand) - *terraform.nodeExpandPlannableResource
    provider["registry.terraform.io/vmware/vcd"] - *terraform.NodeApplyableProvider
    var.network_id - *terraform.NodeRootVariable
    var.vapp_id - *terraform.NodeRootVariable
  ------
2021/11/09 14:24:34 [TRACE] Executing graph transform *terraform.AttachDependenciesTransformer
2021/11/09 14:24:34 [TRACE] AttachDependenciesTransformer: vcd_vapp_firewall_rules.vapp-fw depends on []
2021/11/09 14:24:34 [TRACE] Completed graph transform *terraform.AttachDependenciesTransformer (no changes)
2021/11/09 14:24:34 [TRACE] Executing graph transform *terraform.attachDataResourceDependenciesTransformer
2021/11/09 14:24:34 [TRACE] Completed graph transform *terraform.attachDataResourceDependenciesTransformer (no changes)
2021/11/09 14:24:34 [TRACE] Executing graph transform *terraform.TargetsTransformer
2021/11/09 14:24:34 [TRACE] Completed graph transform *terraform.TargetsTransformer (no changes)
2021/11/09 14:24:34 [TRACE] Executing graph transform *terraform.ForcedCBDTransformer
2021/11/09 14:24:34 [TRACE] ForcedCBDTransformer: "vcd_vapp_firewall_rules.vapp-fw (expand)" (*terraform.nodeExpandPlannableResource) has no CBD descendent, so skipping
2021/11/09 14:24:34 [TRACE] Completed graph transform *terraform.ForcedCBDTransformer (no changes)
2021/11/09 14:24:34 [TRACE] Executing graph transform *terraform.CountBoundaryTransformer
2021/11/09 14:24:34 [TRACE] Completed graph transform *terraform.CountBoundaryTransformer with new graph:
  meta.count-boundary (EachMode fixup) - *terraform.NodeCountBoundary
    provider["registry.terraform.io/vmware/vcd"] - *terraform.NodeApplyableProvider
    var.network_id - *terraform.NodeRootVariable
    var.org - *terraform.NodeRootVariable
    var.password - *terraform.NodeRootVariable
    var.url - *terraform.NodeRootVariable
    var.user - *terraform.NodeRootVariable
    var.vapp_id - *terraform.NodeRootVariable
    var.vdc - *terraform.NodeRootVariable
    vcd_vapp_firewall_rules.vapp-fw (expand) - *terraform.nodeExpandPlannableResource
  provider["registry.terraform.io/vmware/vcd"] - *terraform.NodeApplyableProvider
    var.org - *terraform.NodeRootVariable
    var.password - *terraform.NodeRootVariable
    var.url - *terraform.NodeRootVariable
    var.user - *terraform.NodeRootVariable
    var.vdc - *terraform.NodeRootVariable
  var.network_id - *terraform.NodeRootVariable
  var.org - *terraform.NodeRootVariable
  var.password - *terraform.NodeRootVariable
  var.url - *terraform.NodeRootVariable
  var.user - *terraform.NodeRootVariable
  var.vapp_id - *terraform.NodeRootVariable
  var.vdc - *terraform.NodeRootVariable
  vcd_vapp_firewall_rules.vapp-fw (expand) - *terraform.nodeExpandPlannableResource
    provider["registry.terraform.io/vmware/vcd"] - *terraform.NodeApplyableProvider
    var.network_id - *terraform.NodeRootVariable
    var.vapp_id - *terraform.NodeRootVariable
  ------
2021/11/09 14:24:34 [TRACE] Executing graph transform *terraform.CloseProviderTransformer
2021/11/09 14:24:34 [TRACE] Completed graph transform *terraform.CloseProviderTransformer with new graph:
  meta.count-boundary (EachMode fixup) - *terraform.NodeCountBoundary
    provider["registry.terraform.io/vmware/vcd"] - *terraform.NodeApplyableProvider
    var.network_id - *terraform.NodeRootVariable
    var.org - *terraform.NodeRootVariable
    var.password - *terraform.NodeRootVariable
    var.url - *terraform.NodeRootVariable
    var.user - *terraform.NodeRootVariable
    var.vapp_id - *terraform.NodeRootVariable
    var.vdc - *terraform.NodeRootVariable
    vcd_vapp_firewall_rules.vapp-fw (expand) - *terraform.nodeExpandPlannableResource
  provider["registry.terraform.io/vmware/vcd"] - *terraform.NodeApplyableProvider
    var.org - *terraform.NodeRootVariable
    var.password - *terraform.NodeRootVariable
    var.url - *terraform.NodeRootVariable
    var.user - *terraform.NodeRootVariable
    var.vdc - *terraform.NodeRootVariable
  provider["registry.terraform.io/vmware/vcd"] (close) - *terraform.graphNodeCloseProvider
    provider["registry.terraform.io/vmware/vcd"] - *terraform.NodeApplyableProvider
    vcd_vapp_firewall_rules.vapp-fw (expand) - *terraform.nodeExpandPlannableResource
  var.network_id - *terraform.NodeRootVariable
  var.org - *terraform.NodeRootVariable
  var.password - *terraform.NodeRootVariable
  var.url - *terraform.NodeRootVariable
  var.user - *terraform.NodeRootVariable
  var.vapp_id - *terraform.NodeRootVariable
  var.vdc - *terraform.NodeRootVariable
  vcd_vapp_firewall_rules.vapp-fw (expand) - *terraform.nodeExpandPlannableResource
    provider["registry.terraform.io/vmware/vcd"] - *terraform.NodeApplyableProvider
    var.network_id - *terraform.NodeRootVariable
    var.vapp_id - *terraform.NodeRootVariable
  ------
2021/11/09 14:24:34 [TRACE] Executing graph transform *terraform.CloseRootModuleTransformer
2021/11/09 14:24:34 [TRACE] Completed graph transform *terraform.CloseRootModuleTransformer with new graph:
  meta.count-boundary (EachMode fixup) - *terraform.NodeCountBoundary
    provider["registry.terraform.io/vmware/vcd"] - *terraform.NodeApplyableProvider
    var.network_id - *terraform.NodeRootVariable
    var.org - *terraform.NodeRootVariable
    var.password - *terraform.NodeRootVariable
    var.url - *terraform.NodeRootVariable
    var.user - *terraform.NodeRootVariable
    var.vapp_id - *terraform.NodeRootVariable
    var.vdc - *terraform.NodeRootVariable
    vcd_vapp_firewall_rules.vapp-fw (expand) - *terraform.nodeExpandPlannableResource
  provider["registry.terraform.io/vmware/vcd"] - *terraform.NodeApplyableProvider
    var.org - *terraform.NodeRootVariable
    var.password - *terraform.NodeRootVariable
    var.url - *terraform.NodeRootVariable
    var.user - *terraform.NodeRootVariable
    var.vdc - *terraform.NodeRootVariable
  provider["registry.terraform.io/vmware/vcd"] (close) - *terraform.graphNodeCloseProvider
    provider["registry.terraform.io/vmware/vcd"] - *terraform.NodeApplyableProvider
    vcd_vapp_firewall_rules.vapp-fw (expand) - *terraform.nodeExpandPlannableResource
  root - *terraform.nodeCloseModule
    meta.count-boundary (EachMode fixup) - *terraform.NodeCountBoundary
    provider["registry.terraform.io/vmware/vcd"] (close) - *terraform.graphNodeCloseProvider
  var.network_id - *terraform.NodeRootVariable
  var.org - *terraform.NodeRootVariable
  var.password - *terraform.NodeRootVariable
  var.url - *terraform.NodeRootVariable
  var.user - *terraform.NodeRootVariable
  var.vapp_id - *terraform.NodeRootVariable
  var.vdc - *terraform.NodeRootVariable
  vcd_vapp_firewall_rules.vapp-fw (expand) - *terraform.nodeExpandPlannableResource
    provider["registry.terraform.io/vmware/vcd"] - *terraform.NodeApplyableProvider
    var.network_id - *terraform.NodeRootVariable
    var.vapp_id - *terraform.NodeRootVariable
  ------
2021/11/09 14:24:34 [TRACE] Executing graph transform *terraform.TransitiveReductionTransformer
2021/11/09 14:24:34 [TRACE] Completed graph transform *terraform.TransitiveReductionTransformer with new graph:
  meta.count-boundary (EachMode fixup) - *terraform.NodeCountBoundary
    vcd_vapp_firewall_rules.vapp-fw (expand) - *terraform.nodeExpandPlannableResource
  provider["registry.terraform.io/vmware/vcd"] - *terraform.NodeApplyableProvider
    var.org - *terraform.NodeRootVariable
    var.password - *terraform.NodeRootVariable
    var.url - *terraform.NodeRootVariable
    var.user - *terraform.NodeRootVariable
    var.vdc - *terraform.NodeRootVariable
  provider["registry.terraform.io/vmware/vcd"] (close) - *terraform.graphNodeCloseProvider
    vcd_vapp_firewall_rules.vapp-fw (expand) - *terraform.nodeExpandPlannableResource
  root - *terraform.nodeCloseModule
    meta.count-boundary (EachMode fixup) - *terraform.NodeCountBoundary
    provider["registry.terraform.io/vmware/vcd"] (close) - *terraform.graphNodeCloseProvider
  var.network_id - *terraform.NodeRootVariable
  var.org - *terraform.NodeRootVariable
  var.password - *terraform.NodeRootVariable
  var.url - *terraform.NodeRootVariable
  var.user - *terraform.NodeRootVariable
  var.vapp_id - *terraform.NodeRootVariable
  var.vdc - *terraform.NodeRootVariable
  vcd_vapp_firewall_rules.vapp-fw (expand) - *terraform.nodeExpandPlannableResource
    provider["registry.terraform.io/vmware/vcd"] - *terraform.NodeApplyableProvider
    var.network_id - *terraform.NodeRootVariable
    var.vapp_id - *terraform.NodeRootVariable
  ------
2021/11/09 14:24:34 [DEBUG] Starting graph walk: walkPlan
2021/11/09 14:24:34 [TRACE] dag/walk: visiting "var.vapp_id"
2021/11/09 14:24:34 [TRACE] dag/walk: visiting "var.network_id"
2021/11/09 14:24:34 [TRACE] dag/walk: visiting "var.vdc"
2021/11/09 14:24:34 [TRACE] vertex "var.network_id": starting visit (*terraform.NodeRootVariable)
2021/11/09 14:24:34 [TRACE] vertex "var.vdc": starting visit (*terraform.NodeRootVariable)
2021/11/09 14:24:34 [TRACE] vertex "var.network_id": visit complete
2021/11/09 14:24:34 [TRACE] vertex "var.vdc": visit complete
2021/11/09 14:24:34 [TRACE] vertex "var.vapp_id": starting visit (*terraform.NodeRootVariable)
2021/11/09 14:24:34 [TRACE] vertex "var.vapp_id": visit complete
2021/11/09 14:24:34 [TRACE] dag/walk: visiting "var.password"
2021/11/09 14:24:34 [TRACE] dag/walk: visiting "var.url"
2021/11/09 14:24:34 [TRACE] vertex "var.password": starting visit (*terraform.NodeRootVariable)
2021/11/09 14:24:34 [TRACE] vertex "var.url": starting visit (*terraform.NodeRootVariable)
2021/11/09 14:24:34 [TRACE] vertex "var.password": visit complete
2021/11/09 14:24:34 [TRACE] vertex "var.url": visit complete
2021/11/09 14:24:34 [TRACE] dag/walk: visiting "var.user"
2021/11/09 14:24:34 [TRACE] dag/walk: visiting "var.org"
2021/11/09 14:24:34 [TRACE] vertex "var.user": starting visit (*terraform.NodeRootVariable)
2021/11/09 14:24:34 [TRACE] vertex "var.org": starting visit (*terraform.NodeRootVariable)
2021/11/09 14:24:34 [TRACE] vertex "var.user": visit complete
2021/11/09 14:24:34 [TRACE] vertex "var.org": visit complete
2021/11/09 14:24:34 [TRACE] dag/walk: visiting "provider[\"registry.terraform.io/vmware/vcd\"]"
2021/11/09 14:24:34 [TRACE] vertex "provider[\"registry.terraform.io/vmware/vcd\"]": starting visit (*terraform.NodeApplyableProvider)
2021-11-09T14:24:34.966Z [INFO]  plugin: configuring client automatic mTLS
2021-11-09T14:24:34.986Z [DEBUG] plugin: starting plugin: path=.terraform/providers/registry.terraform.io/vmware/vcd/3.4.0/windows_amd64/terraform-provider-vcd_v3.4.0.exe args=[.terraform/providers/registry.terraform.io/vmware/vcd/3.4.0/windows_amd64/terraform-provider-vcd_v3.4.0.exe]
2021-11-09T14:24:34.990Z [DEBUG] plugin: plugin started: path=.terraform/providers/registry.terraform.io/vmware/vcd/3.4.0/windows_amd64/terraform-provider-vcd_v3.4.0.exe pid=11724
2021-11-09T14:24:34.990Z [DEBUG] plugin: waiting for RPC address: path=.terraform/providers/registry.terraform.io/vmware/vcd/3.4.0/windows_amd64/terraform-provider-vcd_v3.4.0.exe
2021-11-09T14:24:35.016Z [INFO]  plugin.terraform-provider-vcd_v3.4.0.exe: configuring server automatic mTLS: timestamp=2021-11-09T14:24:35.015Z
2021-11-09T14:24:35.025Z [DEBUG] plugin.terraform-provider-vcd_v3.4.0.exe: plugin address: address=127.0.0.1:10000 network=tcp timestamp=2021-11-09T14:24:35.024Z
2021-11-09T14:24:35.025Z [DEBUG] plugin: using plugin: version=5
2021-11-09T14:24:35.052Z [TRACE] plugin.stdio: waiting for stdio data
2021/11/09 14:24:35 [TRACE] BuiltinEvalContext: Initialized "provider[\"registry.terraform.io/vmware/vcd\"]" provider for provider["registry.terraform.io/vmware/vcd"]
2021/11/09 14:24:35 [TRACE] buildProviderConfig for provider["registry.terraform.io/vmware/vcd"]: using explicit config only
2021/11/09 14:24:35 [TRACE] GRPCProvider: GetSchema
2021/11/09 14:24:35 [TRACE] GRPCProvider: Configure
2021/11/09 14:24:35 [TRACE] vertex "provider[\"registry.terraform.io/vmware/vcd\"]": visit complete
2021/11/09 14:24:35 [TRACE] dag/walk: visiting "vcd_vapp_firewall_rules.vapp-fw (expand)"
2021/11/09 14:24:35 [TRACE] vertex "vcd_vapp_firewall_rules.vapp-fw (expand)": starting visit (*terraform.nodeExpandPlannableResource)
2021/11/09 14:24:35 [TRACE] vertex "vcd_vapp_firewall_rules.vapp-fw (expand)": expanding dynamic subgraph
2021/11/09 14:24:35 [TRACE] vertex "vcd_vapp_firewall_rules.vapp-fw (expand)": entering dynamic subgraph
2021/11/09 14:24:35 [TRACE] dag/walk: visiting "vcd_vapp_firewall_rules.vapp-fw"
2021/11/09 14:24:35 [TRACE] vertex "vcd_vapp_firewall_rules.vapp-fw": starting visit (*terraform.NodePlannableResource)
2021/11/09 14:24:35 [TRACE] vertex "vcd_vapp_firewall_rules.vapp-fw": expanding dynamic subgraph
2021/11/09 14:24:35 [TRACE] Executing graph transform *terraform.ResourceCountTransformer
2021/11/09 14:24:35 [TRACE] ResourceCountTransformer: adding vcd_vapp_firewall_rules.vapp-fw as *terraform.NodePlannableResourceInstance
2021/11/09 14:24:35 [TRACE] Completed graph transform *terraform.ResourceCountTransformer with new graph:
  vcd_vapp_firewall_rules.vapp-fw - *terraform.NodePlannableResourceInstance
  ------
2021/11/09 14:24:35 [TRACE] Executing graph transform *terraform.OrphanResourceInstanceCountTransformer
2021/11/09 14:24:35 [TRACE] Completed graph transform *terraform.OrphanResourceInstanceCountTransformer (no changes)
2021/11/09 14:24:35 [TRACE] Executing graph transform *terraform.AttachStateTransformer
2021/11/09 14:24:35 [DEBUG] Resource instance state not found for node "vcd_vapp_firewall_rules.vapp-fw", instance vcd_vapp_firewall_rules.vapp-fw
2021/11/09 14:24:35 [TRACE] Completed graph transform *terraform.AttachStateTransformer (no changes)
2021/11/09 14:24:35 [TRACE] Executing graph transform *terraform.TargetsTransformer
2021/11/09 14:24:35 [TRACE] Completed graph transform *terraform.TargetsTransformer (no changes)
2021/11/09 14:24:35 [TRACE] Executing graph transform *terraform.ReferenceTransformer
2021/11/09 14:24:35 [INFO] ReferenceTransformer: reference not found: "var.vapp_id"
2021/11/09 14:24:35 [INFO] ReferenceTransformer: reference not found: "var.network_id"
2021/11/09 14:24:35 [DEBUG] ReferenceTransformer: "vcd_vapp_firewall_rules.vapp-fw" references: []
2021/11/09 14:24:35 [TRACE] Completed graph transform *terraform.ReferenceTransformer (no changes)
2021/11/09 14:24:35 [TRACE] Executing graph transform *terraform.RootTransformer
2021/11/09 14:24:35 [TRACE] Completed graph transform *terraform.RootTransformer (no changes)
2021/11/09 14:24:35 [TRACE] vertex "vcd_vapp_firewall_rules.vapp-fw": entering dynamic subgraph
2021/11/09 14:24:35 [TRACE] dag/walk: visiting "vcd_vapp_firewall_rules.vapp-fw"
2021/11/09 14:24:35 [TRACE] vertex "vcd_vapp_firewall_rules.vapp-fw": starting visit (*terraform.NodePlannableResourceInstance)
2021/11/09 14:24:35 [TRACE] ReadResourceInstanceState: reading state for vcd_vapp_firewall_rules.vapp-fw
2021/11/09 14:24:35 [TRACE] ReadResourceInstanceState: no state present for vcd_vapp_firewall_rules.vapp-fw
2021/11/09 14:24:35 [DEBUG] refresh: vcd_vapp_firewall_rules.vapp-fw: no state, so not refreshing
2021/11/09 14:24:35 [TRACE] EvalWriteState: using RefreshState for vcd_vapp_firewall_rules.vapp-fw
2021/11/09 14:24:35 [TRACE] EvalWriteState: removing state object for vcd_vapp_firewall_rules.vapp-fw
2021/11/09 14:24:35 [TRACE] Re-validating config for "vcd_vapp_firewall_rules.vapp-fw"
2021/11/09 14:24:35 [TRACE] GRPCProvider: ValidateResourceTypeConfig
2021/11/09 14:24:35 [TRACE] GRPCProvider: PlanResourceChange
2021/11/09 14:24:35 [WARN] Provider "registry.terraform.io/vmware/vcd" produced an invalid plan for vcd_vapp_firewall_rules.vapp-fw, but we are tolerating it because it is using the legacy plugin SDK.
    The following problems may be the cause of any confusing errors from downstream operations:
      - .enabled: planned value cty.True does not match config value cty.NullVal(cty.Bool)
      - .log_default_action: planned value cty.False does not match config value cty.NullVal(cty.Bool)
      - .rule[0].enabled: planned value cty.True does not match config value cty.NullVal(cty.Bool)
      - .rule[0].enable_logging: planned value cty.False does not match config value cty.NullVal(cty.Bool)
2021/11/09 14:24:35 [TRACE] EvalWriteState: writing current state object for vcd_vapp_firewall_rules.vapp-fw
2021/11/09 14:24:35 [TRACE] EvalWriteDiff: recorded Create change for vcd_vapp_firewall_rules.vapp-fw
2021/11/09 14:24:35 [TRACE] vertex "vcd_vapp_firewall_rules.vapp-fw": visit complete
2021/11/09 14:24:35 [TRACE] vertex "vcd_vapp_firewall_rules.vapp-fw": dynamic subgraph completed successfully
2021/11/09 14:24:35 [TRACE] vertex "vcd_vapp_firewall_rules.vapp-fw": visit complete
2021/11/09 14:24:35 [TRACE] vertex "vcd_vapp_firewall_rules.vapp-fw (expand)": dynamic subgraph completed successfully
2021/11/09 14:24:35 [TRACE] vertex "vcd_vapp_firewall_rules.vapp-fw (expand)": visit complete
2021/11/09 14:24:35 [TRACE] dag/walk: visiting "provider[\"registry.terraform.io/vmware/vcd\"] (close)"
2021/11/09 14:24:35 [TRACE] dag/walk: visiting "meta.count-boundary (EachMode fixup)"
2021/11/09 14:24:35 [TRACE] vertex "provider[\"registry.terraform.io/vmware/vcd\"] (close)": starting visit (*terraform.graphNodeCloseProvider)
2021/11/09 14:24:35 [TRACE] vertex "meta.count-boundary (EachMode fixup)": starting visit (*terraform.NodeCountBoundary)
2021/11/09 14:24:35 [TRACE] GRPCProvider: Close
2021/11/09 14:24:35 [TRACE] vertex "meta.count-boundary (EachMode fixup)": visit complete
2021-11-09T14:24:35.474Z [WARN]  plugin.stdio: received EOF, stopping recv loop: err="rpc error: code = Unavailable desc = transport is closing"
2021-11-09T14:24:35.508Z [DEBUG] plugin: plugin process exited: path=.terraform/providers/registry.terraform.io/vmware/vcd/3.4.0/windows_amd64/terraform-provider-vcd_v3.4.0.exe pid=11724
2021-11-09T14:24:35.508Z [DEBUG] plugin: plugin exited
2021/11/09 14:24:35 [TRACE] vertex "provider[\"registry.terraform.io/vmware/vcd\"] (close)": visit complete
2021/11/09 14:24:35 [TRACE] dag/walk: visiting "root"
2021/11/09 14:24:35 [TRACE] vertex "root": starting visit (*terraform.nodeCloseModule)
2021/11/09 14:24:35 [TRACE] vertex "root": visit complete
2021/11/09 14:24:35 [DEBUG] command: asking for input: "Do you want to perform these actions?"
2021/11/09 14:24:37 [INFO] backend/local: apply calling Apply
2021/11/09 14:24:37 [INFO] terraform: building graph: GraphTypeApply
2021/11/09 14:24:37 [TRACE] Executing graph transform *terraform.ConfigTransformer
2021/11/09 14:24:37 [TRACE] ConfigTransformer: Starting for path: 
2021/11/09 14:24:37 [TRACE] Completed graph transform *terraform.ConfigTransformer with new graph:
  vcd_vapp_firewall_rules.vapp-fw (expand) - *terraform.nodeExpandApplyableResource
  ------
2021/11/09 14:24:37 [TRACE] Executing graph transform *terraform.RootVariableTransformer
2021/11/09 14:24:37 [TRACE] Completed graph transform *terraform.RootVariableTransformer with new graph:
  var.network_id - *terraform.NodeRootVariable
  var.org - *terraform.NodeRootVariable
  var.password - *terraform.NodeRootVariable
  var.url - *terraform.NodeRootVariable
  var.user - *terraform.NodeRootVariable
  var.vapp_id - *terraform.NodeRootVariable
  var.vdc - *terraform.NodeRootVariable
  vcd_vapp_firewall_rules.vapp-fw (expand) - *terraform.nodeExpandApplyableResource
  ------
2021/11/09 14:24:37 [TRACE] Executing graph transform *terraform.ModuleVariableTransformer
2021/11/09 14:24:37 [TRACE] Completed graph transform *terraform.ModuleVariableTransformer (no changes)
2021/11/09 14:24:37 [TRACE] Executing graph transform *terraform.LocalTransformer
2021/11/09 14:24:37 [TRACE] Completed graph transform *terraform.LocalTransformer (no changes)
2021/11/09 14:24:37 [TRACE] Executing graph transform *terraform.OutputTransformer
2021/11/09 14:24:37 [TRACE] Completed graph transform *terraform.OutputTransformer (no changes)
2021/11/09 14:24:37 [TRACE] Executing graph transform *terraform.DiffTransformer
2021/11/09 14:24:37 [TRACE] DiffTransformer starting
2021/11/09 14:24:37 [TRACE] DiffTransformer: found Create change for vcd_vapp_firewall_rules.vapp-fw 
2021/11/09 14:24:37 [TRACE] DiffTransformer: vcd_vapp_firewall_rules.vapp-fw will be represented by vcd_vapp_firewall_rules.vapp-fw
2021/11/09 14:24:37 [TRACE] DiffTransformer complete
2021/11/09 14:24:37 [TRACE] Completed graph transform *terraform.DiffTransformer with new graph:
  var.network_id - *terraform.NodeRootVariable
  var.org - *terraform.NodeRootVariable
  var.password - *terraform.NodeRootVariable
  var.url - *terraform.NodeRootVariable
  var.user - *terraform.NodeRootVariable
  var.vapp_id - *terraform.NodeRootVariable
  var.vdc - *terraform.NodeRootVariable
  vcd_vapp_firewall_rules.vapp-fw - *terraform.NodeApplyableResourceInstance
    vcd_vapp_firewall_rules.vapp-fw (expand) - *terraform.nodeExpandApplyableResource
  vcd_vapp_firewall_rules.vapp-fw (expand) - *terraform.nodeExpandApplyableResource
  ------
2021/11/09 14:24:37 [TRACE] Executing graph transform *terraform.AttachStateTransformer
2021/11/09 14:24:37 [DEBUG] Resource state not found for node "vcd_vapp_firewall_rules.vapp-fw", instance vcd_vapp_firewall_rules.vapp-fw
2021/11/09 14:24:37 [TRACE] Completed graph transform *terraform.AttachStateTransformer (no changes)
2021/11/09 14:24:37 [TRACE] Executing graph transform *terraform.OrphanOutputTransformer
2021/11/09 14:24:37 [TRACE] Completed graph transform *terraform.OrphanOutputTransformer (no changes)
2021/11/09 14:24:37 [TRACE] Executing graph transform *terraform.AttachResourceConfigTransformer
2021/11/09 14:24:37 [TRACE] AttachResourceConfigTransformer: attaching to "vcd_vapp_firewall_rules.vapp-fw (expand)" (*terraform.nodeExpandApplyableResource) config from main.tf:26,1-45
2021/11/09 14:24:37 [TRACE] AttachResourceConfigTransformer: attaching provider meta configs to vcd_vapp_firewall_rules.vapp-fw (expand)
2021/11/09 14:24:37 [TRACE] AttachResourceConfigTransformer: attaching to "vcd_vapp_firewall_rules.vapp-fw" (*terraform.NodeApplyableResourceInstance) config from main.tf:26,1-45
2021/11/09 14:24:37 [TRACE] AttachResourceConfigTransformer: attaching provider meta configs to vcd_vapp_firewall_rules.vapp-fw
2021/11/09 14:24:37 [TRACE] Completed graph transform *terraform.AttachResourceConfigTransformer (no changes)
2021/11/09 14:24:37 [TRACE] Executing graph transform *terraform.MissingProvisionerTransformer
2021/11/09 14:24:37 [TRACE] Completed graph transform *terraform.MissingProvisionerTransformer (no changes)
2021/11/09 14:24:37 [TRACE] Executing graph transform *terraform.ProvisionerTransformer
2021/11/09 14:24:37 [TRACE] Completed graph transform *terraform.ProvisionerTransformer (no changes)
2021/11/09 14:24:37 [TRACE] Executing graph transform *terraform.graphTransformerMulti
2021/11/09 14:24:37 [TRACE] (graphTransformerMulti) Executing graph transform *terraform.ProviderConfigTransformer
2021/11/09 14:24:37 [TRACE] ProviderConfigTransformer: attaching to "provider[\"registry.terraform.io/vmware/vcd\"]" provider configuration from main.tf:12,1-15
2021/11/09 14:24:37 [TRACE] (graphTransformerMulti) Completed graph transform *terraform.ProviderConfigTransformer with new graph:
  provider["registry.terraform.io/vmware/vcd"] - *terraform.NodeApplyableProvider
  var.network_id - *terraform.NodeRootVariable
  var.org - *terraform.NodeRootVariable
  var.password - *terraform.NodeRootVariable
  var.url - *terraform.NodeRootVariable
  var.user - *terraform.NodeRootVariable
  var.vapp_id - *terraform.NodeRootVariable
  var.vdc - *terraform.NodeRootVariable
  vcd_vapp_firewall_rules.vapp-fw - *terraform.NodeApplyableResourceInstance
    vcd_vapp_firewall_rules.vapp-fw (expand) - *terraform.nodeExpandApplyableResource
  vcd_vapp_firewall_rules.vapp-fw (expand) - *terraform.nodeExpandApplyableResource
  ------
2021/11/09 14:24:37 [TRACE] (graphTransformerMulti) Executing graph transform *terraform.MissingProviderTransformer
2021/11/09 14:24:37 [TRACE] (graphTransformerMulti) Completed graph transform *terraform.MissingProviderTransformer (no changes)
2021/11/09 14:24:37 [TRACE] (graphTransformerMulti) Executing graph transform *terraform.ProviderTransformer
2021/11/09 14:24:37 [TRACE] ProviderTransformer: exact match for provider["registry.terraform.io/vmware/vcd"] serving vcd_vapp_firewall_rules.vapp-fw
2021/11/09 14:24:37 [DEBUG] ProviderTransformer: "vcd_vapp_firewall_rules.vapp-fw" (*terraform.NodeApplyableResourceInstance) needs provider["registry.terraform.io/vmware/vcd"]
2021/11/09 14:24:37 [TRACE] ProviderTransformer: exact match for provider["registry.terraform.io/vmware/vcd"] serving vcd_vapp_firewall_rules.vapp-fw (expand)
2021/11/09 14:24:37 [DEBUG] ProviderTransformer: "vcd_vapp_firewall_rules.vapp-fw (expand)" (*terraform.nodeExpandApplyableResource) needs provider["registry.terraform.io/vmware/vcd"]
2021/11/09 14:24:37 [TRACE] (graphTransformerMulti) Completed graph transform *terraform.ProviderTransformer with new graph:
  provider["registry.terraform.io/vmware/vcd"] - *terraform.NodeApplyableProvider
  var.network_id - *terraform.NodeRootVariable
  var.org - *terraform.NodeRootVariable
  var.password - *terraform.NodeRootVariable
  var.url - *terraform.NodeRootVariable
  var.user - *terraform.NodeRootVariable
  var.vapp_id - *terraform.NodeRootVariable
  var.vdc - *terraform.NodeRootVariable
  vcd_vapp_firewall_rules.vapp-fw - *terraform.NodeApplyableResourceInstance
    provider["registry.terraform.io/vmware/vcd"] - *terraform.NodeApplyableProvider
    vcd_vapp_firewall_rules.vapp-fw (expand) - *terraform.nodeExpandApplyableResource
  vcd_vapp_firewall_rules.vapp-fw (expand) - *terraform.nodeExpandApplyableResource
    provider["registry.terraform.io/vmware/vcd"] - *terraform.NodeApplyableProvider
  ------
2021/11/09 14:24:37 [TRACE] (graphTransformerMulti) Executing graph transform *terraform.PruneProviderTransformer
2021/11/09 14:24:37 [TRACE] (graphTransformerMulti) Completed graph transform *terraform.PruneProviderTransformer (no changes)
2021/11/09 14:24:37 [TRACE] (graphTransformerMulti) Executing graph transform *terraform.ParentProviderTransformer
2021/11/09 14:24:37 [TRACE] (graphTransformerMulti) Completed graph transform *terraform.ParentProviderTransformer (no changes)
2021/11/09 14:24:37 [TRACE] Completed graph transform *terraform.graphTransformerMulti with new graph:
  provider["registry.terraform.io/vmware/vcd"] - *terraform.NodeApplyableProvider
  var.network_id - *terraform.NodeRootVariable
  var.org - *terraform.NodeRootVariable
  var.password - *terraform.NodeRootVariable
  var.url - *terraform.NodeRootVariable
  var.user - *terraform.NodeRootVariable
  var.vapp_id - *terraform.NodeRootVariable
  var.vdc - *terraform.NodeRootVariable
  vcd_vapp_firewall_rules.vapp-fw - *terraform.NodeApplyableResourceInstance
    provider["registry.terraform.io/vmware/vcd"] - *terraform.NodeApplyableProvider
    vcd_vapp_firewall_rules.vapp-fw (expand) - *terraform.nodeExpandApplyableResource
  vcd_vapp_firewall_rules.vapp-fw (expand) - *terraform.nodeExpandApplyableResource
    provider["registry.terraform.io/vmware/vcd"] - *terraform.NodeApplyableProvider
  ------
2021/11/09 14:24:37 [TRACE] Executing graph transform *terraform.RemovedModuleTransformer
2021/11/09 14:24:37 [TRACE] Completed graph transform *terraform.RemovedModuleTransformer (no changes)
2021/11/09 14:24:37 [TRACE] Executing graph transform *terraform.AttachSchemaTransformer
2021/11/09 14:24:37 [TRACE] AttachSchemaTransformer: attaching provider config schema to provider["registry.terraform.io/vmware/vcd"]
2021/11/09 14:24:37 [TRACE] AttachSchemaTransformer: attaching resource schema to vcd_vapp_firewall_rules.vapp-fw (expand)
2021/11/09 14:24:37 [TRACE] AttachSchemaTransformer: attaching resource schema to vcd_vapp_firewall_rules.vapp-fw
2021/11/09 14:24:37 [TRACE] Completed graph transform *terraform.AttachSchemaTransformer (no changes)
2021/11/09 14:24:37 [TRACE] Executing graph transform *terraform.ModuleExpansionTransformer
2021/11/09 14:24:37 [TRACE] Completed graph transform *terraform.ModuleExpansionTransformer (no changes)
2021/11/09 14:24:37 [TRACE] Executing graph transform *terraform.ReferenceTransformer
2021/11/09 14:24:37 [DEBUG] ReferenceTransformer: "vcd_vapp_firewall_rules.vapp-fw (expand)" references: []
2021/11/09 14:24:37 [DEBUG] ReferenceTransformer: "var.network_id" references: []
2021/11/09 14:24:37 [DEBUG] ReferenceTransformer: "provider[\"registry.terraform.io/vmware/vcd\"]" references: [var.password var.url var.org var.user var.vdc]
2021/11/09 14:24:37 [DEBUG] ReferenceTransformer: "var.password" references: []
2021/11/09 14:24:37 [DEBUG] ReferenceTransformer: "vcd_vapp_firewall_rules.vapp-fw" references: [var.network_id var.vapp_id]
2021/11/09 14:24:37 [DEBUG] ReferenceTransformer: "var.org" references: []
2021/11/09 14:24:37 [DEBUG] ReferenceTransformer: "var.vdc" references: []
2021/11/09 14:24:37 [DEBUG] ReferenceTransformer: "var.url" references: []
2021/11/09 14:24:37 [DEBUG] ReferenceTransformer: "var.vapp_id" references: []
2021/11/09 14:24:37 [DEBUG] ReferenceTransformer: "var.user" references: []
2021/11/09 14:24:37 [TRACE] Completed graph transform *terraform.ReferenceTransformer with new graph:
  provider["registry.terraform.io/vmware/vcd"] - *terraform.NodeApplyableProvider
    var.org - *terraform.NodeRootVariable
    var.password - *terraform.NodeRootVariable
    var.url - *terraform.NodeRootVariable
    var.user - *terraform.NodeRootVariable
    var.vdc - *terraform.NodeRootVariable
  var.network_id - *terraform.NodeRootVariable
  var.org - *terraform.NodeRootVariable
  var.password - *terraform.NodeRootVariable
  var.url - *terraform.NodeRootVariable
  var.user - *terraform.NodeRootVariable
  var.vapp_id - *terraform.NodeRootVariable
  var.vdc - *terraform.NodeRootVariable
  vcd_vapp_firewall_rules.vapp-fw - *terraform.NodeApplyableResourceInstance
    provider["registry.terraform.io/vmware/vcd"] - *terraform.NodeApplyableProvider
    var.network_id - *terraform.NodeRootVariable
    var.vapp_id - *terraform.NodeRootVariable
    vcd_vapp_firewall_rules.vapp-fw (expand) - *terraform.nodeExpandApplyableResource
  vcd_vapp_firewall_rules.vapp-fw (expand) - *terraform.nodeExpandApplyableResource
    provider["registry.terraform.io/vmware/vcd"] - *terraform.NodeApplyableProvider
  ------
2021/11/09 14:24:37 [TRACE] Executing graph transform *terraform.AttachDependenciesTransformer
2021/11/09 14:24:37 [TRACE] AttachDependenciesTransformer: vcd_vapp_firewall_rules.vapp-fw depends on []
2021/11/09 14:24:37 [TRACE] Completed graph transform *terraform.AttachDependenciesTransformer (no changes)
2021/11/09 14:24:37 [TRACE] Executing graph transform *terraform.ForcedCBDTransformer
2021/11/09 14:24:37 [TRACE] ForcedCBDTransformer: "vcd_vapp_firewall_rules.vapp-fw" (*terraform.NodeApplyableResourceInstance) has no CBD descendent, so skipping
2021/11/09 14:24:37 [TRACE] Completed graph transform *terraform.ForcedCBDTransformer (no changes)
2021/11/09 14:24:37 [TRACE] Executing graph transform *terraform.DestroyEdgeTransformer
2021/11/09 14:24:37 [TRACE] Completed graph transform *terraform.DestroyEdgeTransformer (no changes)
2021/11/09 14:24:37 [TRACE] Executing graph transform *terraform.CBDEdgeTransformer
2021/11/09 14:24:37 [TRACE] Completed graph transform *terraform.CBDEdgeTransformer (no changes)
2021/11/09 14:24:37 [TRACE] Executing graph transform *terraform.pruneUnusedNodesTransformer
2021/11/09 14:24:37 [TRACE] Completed graph transform *terraform.pruneUnusedNodesTransformer (no changes)
2021/11/09 14:24:37 [TRACE] Executing graph transform *terraform.TargetsTransformer
2021/11/09 14:24:37 [TRACE] Completed graph transform *terraform.TargetsTransformer (no changes)
2021/11/09 14:24:37 [TRACE] Executing graph transform *terraform.CountBoundaryTransformer
2021/11/09 14:24:37 [TRACE] Completed graph transform *terraform.CountBoundaryTransformer with new graph:
  meta.count-boundary (EachMode fixup) - *terraform.NodeCountBoundary
    provider["registry.terraform.io/vmware/vcd"] - *terraform.NodeApplyableProvider
    var.network_id - *terraform.NodeRootVariable
    var.org - *terraform.NodeRootVariable
    var.password - *terraform.NodeRootVariable
    var.url - *terraform.NodeRootVariable
    var.user - *terraform.NodeRootVariable
    var.vapp_id - *terraform.NodeRootVariable
    var.vdc - *terraform.NodeRootVariable
    vcd_vapp_firewall_rules.vapp-fw - *terraform.NodeApplyableResourceInstance
    vcd_vapp_firewall_rules.vapp-fw (expand) - *terraform.nodeExpandApplyableResource
  provider["registry.terraform.io/vmware/vcd"] - *terraform.NodeApplyableProvider
    var.org - *terraform.NodeRootVariable
    var.password - *terraform.NodeRootVariable
    var.url - *terraform.NodeRootVariable
    var.user - *terraform.NodeRootVariable
    var.vdc - *terraform.NodeRootVariable
  var.network_id - *terraform.NodeRootVariable
  var.org - *terraform.NodeRootVariable
  var.password - *terraform.NodeRootVariable
  var.url - *terraform.NodeRootVariable
  var.user - *terraform.NodeRootVariable
  var.vapp_id - *terraform.NodeRootVariable
  var.vdc - *terraform.NodeRootVariable
  vcd_vapp_firewall_rules.vapp-fw - *terraform.NodeApplyableResourceInstance
    provider["registry.terraform.io/vmware/vcd"] - *terraform.NodeApplyableProvider
    var.network_id - *terraform.NodeRootVariable
    var.vapp_id - *terraform.NodeRootVariable
    vcd_vapp_firewall_rules.vapp-fw (expand) - *terraform.nodeExpandApplyableResource
  vcd_vapp_firewall_rules.vapp-fw (expand) - *terraform.nodeExpandApplyableResource
    provider["registry.terraform.io/vmware/vcd"] - *terraform.NodeApplyableProvider
  ------
2021/11/09 14:24:37 [TRACE] Executing graph transform *terraform.CloseProviderTransformer
2021/11/09 14:24:37 [TRACE] Completed graph transform *terraform.CloseProviderTransformer with new graph:
  meta.count-boundary (EachMode fixup) - *terraform.NodeCountBoundary
    provider["registry.terraform.io/vmware/vcd"] - *terraform.NodeApplyableProvider
    var.network_id - *terraform.NodeRootVariable
    var.org - *terraform.NodeRootVariable
    var.password - *terraform.NodeRootVariable
    var.url - *terraform.NodeRootVariable
    var.user - *terraform.NodeRootVariable
    var.vapp_id - *terraform.NodeRootVariable
    var.vdc - *terraform.NodeRootVariable
    vcd_vapp_firewall_rules.vapp-fw - *terraform.NodeApplyableResourceInstance
    vcd_vapp_firewall_rules.vapp-fw (expand) - *terraform.nodeExpandApplyableResource
  provider["registry.terraform.io/vmware/vcd"] - *terraform.NodeApplyableProvider
    var.org - *terraform.NodeRootVariable
    var.password - *terraform.NodeRootVariable
    var.url - *terraform.NodeRootVariable
    var.user - *terraform.NodeRootVariable
    var.vdc - *terraform.NodeRootVariable
  provider["registry.terraform.io/vmware/vcd"] (close) - *terraform.graphNodeCloseProvider
    provider["registry.terraform.io/vmware/vcd"] - *terraform.NodeApplyableProvider
    vcd_vapp_firewall_rules.vapp-fw - *terraform.NodeApplyableResourceInstance
    vcd_vapp_firewall_rules.vapp-fw (expand) - *terraform.nodeExpandApplyableResource
  var.network_id - *terraform.NodeRootVariable
  var.org - *terraform.NodeRootVariable
  var.password - *terraform.NodeRootVariable
  var.url - *terraform.NodeRootVariable
  var.user - *terraform.NodeRootVariable
  var.vapp_id - *terraform.NodeRootVariable
  var.vdc - *terraform.NodeRootVariable
  vcd_vapp_firewall_rules.vapp-fw - *terraform.NodeApplyableResourceInstance
    provider["registry.terraform.io/vmware/vcd"] - *terraform.NodeApplyableProvider
    var.network_id - *terraform.NodeRootVariable
    var.vapp_id - *terraform.NodeRootVariable
    vcd_vapp_firewall_rules.vapp-fw (expand) - *terraform.nodeExpandApplyableResource
  vcd_vapp_firewall_rules.vapp-fw (expand) - *terraform.nodeExpandApplyableResource
    provider["registry.terraform.io/vmware/vcd"] - *terraform.NodeApplyableProvider
  ------
2021/11/09 14:24:37 [TRACE] Executing graph transform *terraform.CloseProvisionerTransformer
2021/11/09 14:24:37 [TRACE] Completed graph transform *terraform.CloseProvisionerTransformer (no changes)
2021/11/09 14:24:37 [TRACE] Executing graph transform *terraform.CloseRootModuleTransformer
2021/11/09 14:24:37 [TRACE] Completed graph transform *terraform.CloseRootModuleTransformer with new graph:
  meta.count-boundary (EachMode fixup) - *terraform.NodeCountBoundary
    provider["registry.terraform.io/vmware/vcd"] - *terraform.NodeApplyableProvider
    var.network_id - *terraform.NodeRootVariable
    var.org - *terraform.NodeRootVariable
    var.password - *terraform.NodeRootVariable
    var.url - *terraform.NodeRootVariable
    var.user - *terraform.NodeRootVariable
    var.vapp_id - *terraform.NodeRootVariable
    var.vdc - *terraform.NodeRootVariable
    vcd_vapp_firewall_rules.vapp-fw - *terraform.NodeApplyableResourceInstance
    vcd_vapp_firewall_rules.vapp-fw (expand) - *terraform.nodeExpandApplyableResource
  provider["registry.terraform.io/vmware/vcd"] - *terraform.NodeApplyableProvider
    var.org - *terraform.NodeRootVariable
    var.password - *terraform.NodeRootVariable
    var.url - *terraform.NodeRootVariable
    var.user - *terraform.NodeRootVariable
    var.vdc - *terraform.NodeRootVariable
  provider["registry.terraform.io/vmware/vcd"] (close) - *terraform.graphNodeCloseProvider
    provider["registry.terraform.io/vmware/vcd"] - *terraform.NodeApplyableProvider
    vcd_vapp_firewall_rules.vapp-fw - *terraform.NodeApplyableResourceInstance
    vcd_vapp_firewall_rules.vapp-fw (expand) - *terraform.nodeExpandApplyableResource
  root - *terraform.nodeCloseModule
    meta.count-boundary (EachMode fixup) - *terraform.NodeCountBoundary
    provider["registry.terraform.io/vmware/vcd"] (close) - *terraform.graphNodeCloseProvider
  var.network_id - *terraform.NodeRootVariable
  var.org - *terraform.NodeRootVariable
  var.password - *terraform.NodeRootVariable
  var.url - *terraform.NodeRootVariable
  var.user - *terraform.NodeRootVariable
  var.vapp_id - *terraform.NodeRootVariable
  var.vdc - *terraform.NodeRootVariable
  vcd_vapp_firewall_rules.vapp-fw - *terraform.NodeApplyableResourceInstance
    provider["registry.terraform.io/vmware/vcd"] - *terraform.NodeApplyableProvider
    var.network_id - *terraform.NodeRootVariable
    var.vapp_id - *terraform.NodeRootVariable
    vcd_vapp_firewall_rules.vapp-fw (expand) - *terraform.nodeExpandApplyableResource
  vcd_vapp_firewall_rules.vapp-fw (expand) - *terraform.nodeExpandApplyableResource
    provider["registry.terraform.io/vmware/vcd"] - *terraform.NodeApplyableProvider
  ------
2021/11/09 14:24:37 [TRACE] Executing graph transform *terraform.TransitiveReductionTransformer
2021/11/09 14:24:37 [TRACE] Completed graph transform *terraform.TransitiveReductionTransformer with new graph:
  meta.count-boundary (EachMode fixup) - *terraform.NodeCountBoundary
    vcd_vapp_firewall_rules.vapp-fw - *terraform.NodeApplyableResourceInstance
  provider["registry.terraform.io/vmware/vcd"] - *terraform.NodeApplyableProvider
    var.org - *terraform.NodeRootVariable
    var.password - *terraform.NodeRootVariable
    var.url - *terraform.NodeRootVariable
    var.user - *terraform.NodeRootVariable
    var.vdc - *terraform.NodeRootVariable
  provider["registry.terraform.io/vmware/vcd"] (close) - *terraform.graphNodeCloseProvider
    vcd_vapp_firewall_rules.vapp-fw - *terraform.NodeApplyableResourceInstance
  root - *terraform.nodeCloseModule
    meta.count-boundary (EachMode fixup) - *terraform.NodeCountBoundary
    provider["registry.terraform.io/vmware/vcd"] (close) - *terraform.graphNodeCloseProvider
  var.network_id - *terraform.NodeRootVariable
  var.org - *terraform.NodeRootVariable
  var.password - *terraform.NodeRootVariable
  var.url - *terraform.NodeRootVariable
  var.user - *terraform.NodeRootVariable
  var.vapp_id - *terraform.NodeRootVariable
  var.vdc - *terraform.NodeRootVariable
  vcd_vapp_firewall_rules.vapp-fw - *terraform.NodeApplyableResourceInstance
    var.network_id - *terraform.NodeRootVariable
    var.vapp_id - *terraform.NodeRootVariable
    vcd_vapp_firewall_rules.vapp-fw (expand) - *terraform.nodeExpandApplyableResource
  vcd_vapp_firewall_rules.vapp-fw (expand) - *terraform.nodeExpandApplyableResource
    provider["registry.terraform.io/vmware/vcd"] - *terraform.NodeApplyableProvider
  ------
2021/11/09 14:24:37 [DEBUG] Starting graph walk: walkApply
2021/11/09 14:24:37 [TRACE] dag/walk: visiting "var.org"
2021/11/09 14:24:37 [TRACE] dag/walk: visiting "var.network_id"
2021/11/09 14:24:37 [TRACE] dag/walk: visiting "var.vdc"
2021/11/09 14:24:37 [TRACE] vertex "var.network_id": starting visit (*terraform.NodeRootVariable)
2021/11/09 14:24:37 [TRACE] vertex "var.vdc": starting visit (*terraform.NodeRootVariable)
2021/11/09 14:24:37 [TRACE] vertex "var.network_id": visit complete
2021/11/09 14:24:37 [TRACE] vertex "var.vdc": visit complete
2021/11/09 14:24:37 [TRACE] dag/walk: visiting "var.vapp_id"
2021/11/09 14:24:37 [TRACE] vertex "var.vapp_id": starting visit (*terraform.NodeRootVariable)
2021/11/09 14:24:37 [TRACE] vertex "var.org": starting visit (*terraform.NodeRootVariable)
2021/11/09 14:24:37 [TRACE] vertex "var.vapp_id": visit complete
2021/11/09 14:24:37 [TRACE] vertex "var.org": visit complete
2021/11/09 14:24:37 [TRACE] dag/walk: visiting "var.password"
2021/11/09 14:24:37 [TRACE] vertex "var.password": starting visit (*terraform.NodeRootVariable)
2021/11/09 14:24:37 [TRACE] vertex "var.password": visit complete
2021/11/09 14:24:37 [TRACE] dag/walk: visiting "var.url"
2021/11/09 14:24:37 [TRACE] vertex "var.url": starting visit (*terraform.NodeRootVariable)
2021/11/09 14:24:37 [TRACE] vertex "var.url": visit complete
2021/11/09 14:24:37 [TRACE] dag/walk: visiting "var.user"
2021/11/09 14:24:37 [TRACE] vertex "var.user": starting visit (*terraform.NodeRootVariable)
2021/11/09 14:24:37 [TRACE] vertex "var.user": visit complete
2021/11/09 14:24:37 [TRACE] dag/walk: visiting "provider[\"registry.terraform.io/vmware/vcd\"]"
2021/11/09 14:24:37 [TRACE] vertex "provider[\"registry.terraform.io/vmware/vcd\"]": starting visit (*terraform.NodeApplyableProvider)
2021-11-09T14:24:37.542Z [INFO]  plugin: configuring client automatic mTLS
2021-11-09T14:24:37.563Z [DEBUG] plugin: starting plugin: path=.terraform/providers/registry.terraform.io/vmware/vcd/3.4.0/windows_amd64/terraform-provider-vcd_v3.4.0.exe args=[.terraform/providers/registry.terraform.io/vmware/vcd/3.4.0/windows_amd64/terraform-provider-vcd_v3.4.0.exe]
2021-11-09T14:24:37.568Z [DEBUG] plugin: plugin started: path=.terraform/providers/registry.terraform.io/vmware/vcd/3.4.0/windows_amd64/terraform-provider-vcd_v3.4.0.exe pid=11568
2021-11-09T14:24:37.568Z [DEBUG] plugin: waiting for RPC address: path=.terraform/providers/registry.terraform.io/vmware/vcd/3.4.0/windows_amd64/terraform-provider-vcd_v3.4.0.exe
2021-11-09T14:24:37.597Z [INFO]  plugin.terraform-provider-vcd_v3.4.0.exe: configuring server automatic mTLS: timestamp=2021-11-09T14:24:37.596Z
2021-11-09T14:24:37.606Z [DEBUG] plugin: using plugin: version=5
2021-11-09T14:24:37.606Z [DEBUG] plugin.terraform-provider-vcd_v3.4.0.exe: plugin address: address=127.0.0.1:10000 network=tcp timestamp=2021-11-09T14:24:37.606Z
2021-11-09T14:24:37.636Z [TRACE] plugin.stdio: waiting for stdio data
2021/11/09 14:24:37 [TRACE] BuiltinEvalContext: Initialized "provider[\"registry.terraform.io/vmware/vcd\"]" provider for provider["registry.terraform.io/vmware/vcd"]
2021/11/09 14:24:37 [TRACE] buildProviderConfig for provider["registry.terraform.io/vmware/vcd"]: using explicit config only
2021/11/09 14:24:37 [TRACE] GRPCProvider: GetSchema
2021/11/09 14:24:37 [TRACE] GRPCProvider: Configure
2021/11/09 14:24:38 [TRACE] vertex "provider[\"registry.terraform.io/vmware/vcd\"]": visit complete
2021/11/09 14:24:38 [TRACE] dag/walk: visiting "vcd_vapp_firewall_rules.vapp-fw (expand)"
2021/11/09 14:24:38 [TRACE] vertex "vcd_vapp_firewall_rules.vapp-fw (expand)": starting visit (*terraform.nodeExpandApplyableResource)
2021/11/09 14:24:38 [TRACE] vertex "vcd_vapp_firewall_rules.vapp-fw (expand)": expanding dynamic subgraph
2021/11/09 14:24:38 [TRACE] vertex "vcd_vapp_firewall_rules.vapp-fw (expand)": entering dynamic subgraph
2021/11/09 14:24:38 [TRACE] dag/walk: visiting "vcd_vapp_firewall_rules.vapp-fw"
2021/11/09 14:24:38 [TRACE] vertex "vcd_vapp_firewall_rules.vapp-fw": starting visit (*terraform.NodeApplyableResource)
2021/11/09 14:24:38 [TRACE] vertex "vcd_vapp_firewall_rules.vapp-fw": visit complete
2021/11/09 14:24:38 [TRACE] vertex "vcd_vapp_firewall_rules.vapp-fw (expand)": dynamic subgraph completed successfully
2021/11/09 14:24:38 [TRACE] vertex "vcd_vapp_firewall_rules.vapp-fw (expand)": visit complete
2021/11/09 14:24:38 [TRACE] dag/walk: visiting "vcd_vapp_firewall_rules.vapp-fw"
2021/11/09 14:24:38 [TRACE] vertex "vcd_vapp_firewall_rules.vapp-fw": starting visit (*terraform.NodeApplyableResourceInstance)
2021/11/09 14:24:38 [TRACE] EvalReadDiff: Read Create change from plan for vcd_vapp_firewall_rules.vapp-fw
2021/11/09 14:24:38 [TRACE] EvalReadState: reading state for vcd_vapp_firewall_rules.vapp-fw
2021/11/09 14:24:38 [TRACE] EvalReadState: no state present for vcd_vapp_firewall_rules.vapp-fw
2021/11/09 14:24:38 [TRACE] EvalReadDiff: Read Create change from plan for vcd_vapp_firewall_rules.vapp-fw
2021/11/09 14:24:38 [TRACE] Re-validating config for "vcd_vapp_firewall_rules.vapp-fw"
2021/11/09 14:24:38 [TRACE] GRPCProvider: ValidateResourceTypeConfig
2021/11/09 14:24:38 [TRACE] GRPCProvider: PlanResourceChange
2021/11/09 14:24:38 [WARN] Provider "registry.terraform.io/vmware/vcd" produced an invalid plan for vcd_vapp_firewall_rules.vapp-fw, but we are tolerating it because it is using the legacy plugin SDK.
    The following problems may be the cause of any confusing errors from downstream operations:
      - .enabled: planned value cty.True does not match config value cty.NullVal(cty.Bool)
      - .log_default_action: planned value cty.False does not match config value cty.NullVal(cty.Bool)
      - .rule[0].enable_logging: planned value cty.False does not match config value cty.NullVal(cty.Bool)
      - .rule[0].enabled: planned value cty.True does not match config value cty.NullVal(cty.Bool)
2021/11/09 14:24:38 [TRACE] EvalCheckPlannedChange: Verifying that actual change (action Create) matches planned change (action Create)
2021/11/09 14:24:38 [TRACE] EvalReadState: reading state for vcd_vapp_firewall_rules.vapp-fw
2021/11/09 14:24:38 [TRACE] EvalReadState: no state present for vcd_vapp_firewall_rules.vapp-fw
2021/11/09 14:24:38 [DEBUG] EvalApply: ProviderMeta config value set
2021/11/09 14:24:38 [DEBUG] vcd_vapp_firewall_rules.vapp-fw: applying the planned Create change
2021/11/09 14:24:38 [TRACE] GRPCProvider: ApplyResourceChange
2021-11-09T14:24:38.697Z [INFO]  plugin.terraform-provider-vcd_v3.4.0.exe: 2021/11/09 14:24:38 [DEBUG] Locking "org:BT-Private-Cloud|vdc:BT Public Cloud|vapp:W2k19_STD_Template_en_us": timestamp=2021-11-09T14:24:38.697Z
2021-11-09T14:24:38.697Z [INFO]  plugin.terraform-provider-vcd_v3.4.0.exe: 2021/11/09 14:24:38 [DEBUG] Locked "org:BT-Private-Cloud|vdc:BT Public Cloud|vapp:W2k19_STD_Template_en_us": timestamp=2021-11-09T14:24:38.697Z
2021-11-09T14:24:39.021Z [INFO]  plugin.terraform-provider-vcd_v3.4.0.exe: 2021/11/09 14:24:39 [DEBUG] Unlocking "org:BT-Private-Cloud|vdc:BT Public Cloud|vapp:W2k19_STD_Template_en_us": timestamp=2021-11-09T14:24:39.021Z
2021-11-09T14:24:39.021Z [INFO]  plugin.terraform-provider-vcd_v3.4.0.exe: 2021/11/09 14:24:39 [DEBUG] Unlocked "org:BT-Private-Cloud|vdc:BT Public Cloud|vapp:W2k19_STD_Template_en_us": timestamp=2021-11-09T14:24:39.021Z
2021-11-09T14:24:39.024Z [DEBUG] plugin.terraform-provider-vcd_v3.4.0.exe: panic: runtime error: invalid memory address or nil pointer dereference
2021-11-09T14:24:39.024Z [DEBUG] plugin.terraform-provider-vcd_v3.4.0.exe: [signal 0xc0000005 code=0x0 addr=0x0 pc=0x154b267]
2021-11-09T14:24:39.024Z [DEBUG] plugin.terraform-provider-vcd_v3.4.0.exe: 
2021-11-09T14:24:39.024Z [DEBUG] plugin.terraform-provider-vcd_v3.4.0.exe: goroutine 87 [running]:
2021-11-09T14:24:39.024Z [DEBUG] plugin.terraform-provider-vcd_v3.4.0.exe: github.com/vmware/go-vcloud-director/v2/govcd.(*VApp).GetVappNetworkById(0xc000510af0, {0x0, 0x0}, 0x1)
2021-11-09T14:24:39.024Z [DEBUG] plugin.terraform-provider-vcd_v3.4.0.exe: 	github.com/vmware/go-vcloud-director/v2@v2.13.0/govcd/vapp_network.go:88 +0x327
2021-11-09T14:24:39.024Z [DEBUG] plugin.terraform-provider-vcd_v3.4.0.exe: github.com/vmware/go-vcloud-director/v2/govcd.(*VApp).UpdateNetworkFirewallRulesAsync(0xc000510af0, {0xc0000a31d0, 0x13}, {0xc0000d0af8, 0x1, 0x1}, 0x1, {0xc00009fe80, 0x4}, 0x0)
2021-11-09T14:24:39.024Z [DEBUG] plugin.terraform-provider-vcd_v3.4.0.exe: 	github.com/vmware/go-vcloud-director/v2@v2.13.0/govcd/vapp_network.go:36 +0x13f
2021-11-09T14:24:39.024Z [DEBUG] plugin.terraform-provider-vcd_v3.4.0.exe: github.com/vmware/go-vcloud-director/v2/govcd.(*VApp).UpdateNetworkFirewallRules(0x18107c2, {0xc0000a31d0, 0x13}, {0xc0000d0af8, 0x0, 0x8}, 0xcb, {0xc00009fe80, 0xc00005dd40}, 0x0)
2021-11-09T14:24:39.024Z [DEBUG] plugin.terraform-provider-vcd_v3.4.0.exe: 	github.com/vmware/go-vcloud-director/v2@v2.13.0/govcd/vapp_network.go:18 +0x4d
2021-11-09T14:24:39.024Z [DEBUG] plugin.terraform-provider-vcd_v3.4.0.exe: github.com/vmware/terraform-provider-vcd/v3/vcd.resourceVcdVappFirewallRulesUpdate(0xc0002d3d00, {0x17fe760, 0xc000076b40})
2021-11-09T14:24:39.024Z [DEBUG] plugin.terraform-provider-vcd_v3.4.0.exe: 	github.com/vmware/terraform-provider-vcd/v3/vcd/resource_vcd_vapp_firewall_rules.go:181 +0x31b
2021-11-09T14:24:39.024Z [DEBUG] plugin.terraform-provider-vcd_v3.4.0.exe: github.com/vmware/terraform-provider-vcd/v3/vcd.resourceVcdVappFirewallRulesCreate(0x0, {0x17fe760, 0xc000076b40})
2021-11-09T14:24:39.024Z [DEBUG] plugin.terraform-provider-vcd_v3.4.0.exe: 	github.com/vmware/terraform-provider-vcd/v3/vcd/resource_vcd_vapp_firewall_rules.go:162 +0x25
2021-11-09T14:24:39.024Z [DEBUG] plugin.terraform-provider-vcd_v3.4.0.exe: github.com/hashicorp/terraform-plugin-sdk/v2/helper/schema.(*Resource).create(0x171d540, {0x1953048, 0xc0001b51c0}, 0x2, {0x17fe760, 0xc000076b40})
2021-11-09T14:24:39.024Z [DEBUG] plugin.terraform-provider-vcd_v3.4.0.exe: 	github.com/hashicorp/terraform-plugin-sdk/v2@v2.7.0/helper/schema/resource.go:318 +0x178
2021-11-09T14:24:39.024Z [DEBUG] plugin.terraform-provider-vcd_v3.4.0.exe: github.com/hashicorp/terraform-plugin-sdk/v2/helper/schema.(*Resource).Apply(0xc0003df420, {0x1953048, 0xc0001b51c0}, 0xc000100a10, 0xc0006e6ac0, {0x17fe760, 0xc000076b40})
2021-11-09T14:24:39.024Z [DEBUG] plugin.terraform-provider-vcd_v3.4.0.exe: 	github.com/hashicorp/terraform-plugin-sdk/v2@v2.7.0/helper/schema/resource.go:456 +0x871
2021-11-09T14:24:39.024Z [DEBUG] plugin.terraform-provider-vcd_v3.4.0.exe: github.com/hashicorp/terraform-plugin-sdk/v2/helper/schema.(*GRPCProviderServer).ApplyResourceChange(0xc0000049f0, {0x1953048, 0xc0001b51c0}, 0xc0002b2d20)
2021-11-09T14:24:39.024Z [DEBUG] plugin.terraform-provider-vcd_v3.4.0.exe: 	github.com/hashicorp/terraform-plugin-sdk/v2@v2.7.0/helper/schema/grpc_provider.go:955 +0x9aa
2021-11-09T14:24:39.024Z [DEBUG] plugin.terraform-provider-vcd_v3.4.0.exe: github.com/hashicorp/terraform-plugin-go/tfprotov5/server.(*server).ApplyResourceChange(0xc0000697c0, {0x19530f0, 0xc00013c9c0}, 0x0)
2021-11-09T14:24:39.024Z [DEBUG] plugin.terraform-provider-vcd_v3.4.0.exe: 	github.com/hashicorp/terraform-plugin-go@v0.3.0/tfprotov5/server/server.go:332 +0x6c
2021-11-09T14:24:39.024Z [DEBUG] plugin.terraform-provider-vcd_v3.4.0.exe: github.com/hashicorp/terraform-plugin-go/tfprotov5/internal/tfplugin5._Provider_ApplyResourceChange_Handler({0x17c82e0, 0xc0000697c0}, {0x19530f0, 0xc00013c9c0}, 0xc0002ad7a0, 0x0)
2021-11-09T14:24:39.024Z [DEBUG] plugin.terraform-provider-vcd_v3.4.0.exe: 	github.com/hashicorp/terraform-plugin-go@v0.3.0/tfprotov5/internal/tfplugin5/tfplugin5_grpc.pb.go:380 +0x170
2021-11-09T14:24:39.024Z [DEBUG] plugin.terraform-provider-vcd_v3.4.0.exe: google.golang.org/grpc.(*Server).processUnaryRPC(0xc000312700, {0x19645c8, 0xc000626000}, 0xc000238700, 0xc0004907e0, 0x1ec1ca0, 0x0)
2021-11-09T14:24:39.024Z [DEBUG] plugin.terraform-provider-vcd_v3.4.0.exe: 	google.golang.org/grpc@v1.32.0/server.go:1194 +0xc8f
2021-11-09T14:24:39.024Z [DEBUG] plugin.terraform-provider-vcd_v3.4.0.exe: google.golang.org/grpc.(*Server).handleStream(0xc000312700, {0x19645c8, 0xc000626000}, 0xc000238700, 0x0)
2021-11-09T14:24:39.024Z [DEBUG] plugin.terraform-provider-vcd_v3.4.0.exe: 	google.golang.org/grpc@v1.32.0/server.go:1517 +0xa2a
2021-11-09T14:24:39.024Z [DEBUG] plugin.terraform-provider-vcd_v3.4.0.exe: google.golang.org/grpc.(*Server).serveStreams.func1.2()
2021-11-09T14:24:39.024Z [DEBUG] plugin.terraform-provider-vcd_v3.4.0.exe: 	google.golang.org/grpc@v1.32.0/server.go:859 +0x98
2021-11-09T14:24:39.024Z [DEBUG] plugin.terraform-provider-vcd_v3.4.0.exe: created by google.golang.org/grpc.(*Server).serveStreams.func1
2021-11-09T14:24:39.024Z [DEBUG] plugin.terraform-provider-vcd_v3.4.0.exe: 	google.golang.org/grpc@v1.32.0/server.go:857 +0x294
2021-11-09T14:24:39.025Z [WARN]  plugin.stdio: received EOF, stopping recv loop: err="rpc error: code = Unavailable desc = transport is closing"
2021/11/09 14:24:39 [DEBUG] vcd_vapp_firewall_rules.vapp-fw: apply errored, but we're indicating that via the Error pointer rather than returning it: rpc error: code = Unavailable desc = transport is closing
2021/11/09 14:24:39 [TRACE] EvalMaybeTainted: vcd_vapp_firewall_rules.vapp-fw encountered an error during creation, so it is now marked as tainted
2021/11/09 14:24:39 [TRACE] EvalWriteState: removing state object for vcd_vapp_firewall_rules.vapp-fw
2021/11/09 14:24:39 [TRACE] EvalApplyProvisioners: vcd_vapp_firewall_rules.vapp-fw has no state, so skipping provisioners
2021/11/09 14:24:39 [TRACE] EvalMaybeTainted: vcd_vapp_firewall_rules.vapp-fw encountered an error during creation, so it is now marked as tainted
2021/11/09 14:24:39 [TRACE] EvalWriteState: removing state object for vcd_vapp_firewall_rules.vapp-fw
2021/11/09 14:24:39 [TRACE] vertex "vcd_vapp_firewall_rules.vapp-fw": visit complete
2021/11/09 14:24:39 [TRACE] dag/walk: upstream of "meta.count-boundary (EachMode fixup)" errored, so skipping
2021/11/09 14:24:39 [TRACE] dag/walk: upstream of "provider[\"registry.terraform.io/vmware/vcd\"] (close)" errored, so skipping
2021/11/09 14:24:39 [TRACE] dag/walk: upstream of "root" errored, so skipping
2021/11/09 14:24:39 [TRACE] statemgr.Filesystem: not making a backup, because the new snapshot is identical to the old
2021/11/09 14:24:39 [TRACE] statemgr.Filesystem: no state changes since last snapshot
2021/11/09 14:24:39 [TRACE] statemgr.Filesystem: writing snapshot at terraform.tfstate
2021/11/09 14:24:39 [TRACE] statemgr.Filesystem: removing lock metadata file .terraform.tfstate.lock.info
2021/11/09 14:24:39 [TRACE] statemgr.Filesystem: unlocked by closing terraform.tfstate
2021-11-09T14:24:39.045Z [DEBUG] plugin: plugin process exited: path=.terraform/providers/registry.terraform.io/vmware/vcd/3.4.0/windows_amd64/terraform-provider-vcd_v3.4.0.exe pid=11568 error="exit status 2"
2021-11-09T14:24:39.045Z [DEBUG] plugin: plugin exited
